Running script: ./test_multi_call.py
Command: CARGO_HTTP_PROXY="" CARGO_HTTPS_PROXY="" python ./test_multi_call.py
Traceback (most recent call last):
  File "/Users/lychee/node/assassyn/python/unit-tests/./test_multi_call.py", line 77, in <module>
    test_multi_call()
  File "/Users/lychee/node/assassyn/python/unit-tests/./test_multi_call.py", line 59, in test_multi_call
    adder.build()
  File "/Users/lychee/.local/lib/python3.11/site-packages/decorator.py", line 232, in fun
    return caller(func, *(extras + args), **kw)
           ^^^^^^^^^^^^^^^^^^^^^^^^^^^^^^^^^^^^
  File "/Users/lychee/node/assassyn/python/assassyn/module/module.py", line 194, in combinational
    res = func(*args, **kwargs)
          ^^^^^^^^^^^^^^^^^^^^^
  File "/Users/lychee/node/assassyn/python/unit-tests/./test_multi_call.py", line 21, in build
    c = self.add_a + self.add_b
        ~~~~~~~~~~~^~~~~~~~~~~~
TypeError: unsupported operand type(s) for +: 'Port' and 'Port'
Failed to run script: ./test_multi_call.py
-----------------------------------------
Running script: ./test_helloworld.py
Command: CARGO_HTTP_PROXY="" CARGO_HTTPS_PROXY="" python ./test_helloworld.py
   Compiling helloworld v0.0.0 (/private/var/folders/pf/jw4l4qrn011g7vfcpf5jjcdw0000gn/T/helloworld)
warning: unused import: `assassyn::ir::node::IsElement`
 --> src/main.rs:2:5
  |
2 | use assassyn::ir::node::IsElement;
  |     ^^^^^^^^^^^^^^^^^^^^^^^^^^^^^
  |
  = note: `#[warn(unused_imports)]` on by default

warning: unused import: `std::collections::HashMap`
 --> src/main.rs:3:5
  |
3 | use std::collections::HashMap;
  |     ^^^^^^^^^^^^^^^^^^^^^^^^^

warning: unused import: `std::path::PathBuf`
 --> src/main.rs:4:5
  |
4 | use std::path::PathBuf;
  |     ^^^^^^^^^^^^^^^^^^

warning: unused variable: `block_stack`
 --> src/main.rs:7:13
  |
7 |     let mut block_stack: Vec<assassyn::ir::node::BaseNode> = Vec::new();
  |             ^^^^^^^^^^^ help: if this is intentional, prefix it with an underscore: `_block_stack`
  |
  = note: `#[warn(unused_variables)]` on by default

warning: variable does not need to be mutable
 --> src/main.rs:7:9
  |
7 |     let mut block_stack: Vec<assassyn::ir::node::BaseNode> = Vec::new();
  |         ----^^^^^^^^^^^
  |         |
  |         help: remove this `mut`
  |
  = note: `#[warn(unused_mut)]` on by default

warning: `helloworld` (bin "helloworld") generated 5 warnings (run `cargo fix --bin "helloworld"` to apply 4 suggestions)
    Finished `release` profile [optimized] target(s) in 1.59s
     Running `target/release/helloworld`
system helloworld {

  // Key: 0
  #[]
  module driver(  ) { // block-key: 1
    while true {
      log("Hello, World!", )
      -----{Insert Here}-----
    }
  }
}
Writing simulator code to rust project: /private/var/folders/pf/jw4l4qrn011g7vfcpf5jjcdw0000gn/T/helloworld/helloworld_simulator
     Locking 20 packages to latest compatible versions
      Adding wasi v0.11.0+wasi-snapshot-preview1 (latest: v0.13.2+wasi-0.2.1)
   Compiling proc-macro2 v1.0.86
   Compiling unicode-ident v1.0.13
   Compiling libc v0.2.159
   Compiling autocfg v1.4.0
   Compiling cfg-if v1.0.0
   Compiling num-traits v0.2.19
   Compiling byteorder v1.5.0
   Compiling quote v1.0.37
   Compiling getrandom v0.2.15
   Compiling num-integer v0.1.46
   Compiling syn v2.0.79
   Compiling rand_core v0.6.4
   Compiling num-bigint v0.4.6
   Compiling zerocopy-derive v0.7.35
   Compiling zerocopy v0.7.35
   Compiling ppv-lite86 v0.2.20
   Compiling rand_chacha v0.3.1
   Compiling rand v0.8.5
   Compiling helloworld_simulator v0.1.0 (/var/folders/pf/jw4l4qrn011g7vfcpf5jjcdw0000gn/T/helloworld/helloworld_simulator)
warning: unused imports: `BigInt` and `BigUint`
 --> src/modules.rs:3:18
  |
3 | use num_bigint::{BigInt, BigUint};
  |                  ^^^^^^  ^^^^^^^
  |
  = note: `#[warn(unused_imports)]` on by default

warning: unused import: `std::collections::VecDeque`
 --> src/modules.rs:4:5
  |
4 | use std::collections::VecDeque;
  |     ^^^^^^^^^^^^^^^^^^^^^^^^^^

warning: unused import: `super::runtime::*`
 --> src/simulator.rs:1:5
  |
1 | use super::runtime::*;
  |     ^^^^^^^^^^^^^^^^^

warning: unused imports: `BigInt` and `BigUint`
 --> src/simulator.rs:2:18
  |
2 | use num_bigint::{BigInt, BigUint};
  |                  ^^^^^^  ^^^^^^^

warning: unused import: `rand::seq::SliceRandom`
 --> src/simulator.rs:3:5
  |
3 | use rand::seq::SliceRandom;
  |     ^^^^^^^^^^^^^^^^^^^^^^

warning: methods `cycle` and `pusher` are never used
 --> src/runtime.rs:7:6
  |
6 | pub trait Cycled {
  |           ------ methods in this trait
7 |   fn cycle(&self) -> usize;
  |      ^^^^^
8 |   fn pusher(&self) -> &'static str;
  |      ^^^^^^
  |
  = note: `#[warn(dead_code)]` on by default

warning: fields `addr` and `data` are never read
  --> src/runtime.rs:12:3
   |
10 | pub struct ArrayWrite<T: Sized + Default + Clone> {
   |            ---------- fields in this struct
11 |   cycle: usize,
12 |   addr: usize,
   |   ^^^^
13 |   data: T,
   |   ^^^^

warning: associated function `new` is never used
  --> src/runtime.rs:17:10
   |
16 | impl<T: Sized + Default + Clone> ArrayWrite<T> {
   | ---------------------------------------------- associated function in this implementation
17 |   pub fn new(cycle: usize, addr: usize, data: T, pusher: &'static str) -> Self {
   |          ^^^

warning: struct `Array` is never constructed
  --> src/runtime.rs:26:12
   |
26 | pub struct Array<T: Sized + Default + Clone> {
   |            ^^^^^

warning: associated items `new`, `new_with_init`, and `tick` are never used
  --> src/runtime.rs:31:10
   |
30 | impl<T: Sized + Default + Clone> Array<T> {
   | ----------------------------------------- associated items in this implementation
31 |   pub fn new(n: usize) -> Self {
   |          ^^^
...
37 |   pub fn new_with_init(payload: Vec<T>) -> Self {
   |          ^^^^^^^^^^^^^
...
43 |   pub fn tick(&mut self, cycle: usize) {
   |          ^^^^

warning: field `data` is never read
  --> src/runtime.rs:51:3
   |
49 | pub struct FIFOPush<T: Sized> {
   |            -------- field in this struct
50 |   cycle: usize,
51 |   data: T,
   |   ^^^^

warning: associated function `new` is never used
  --> src/runtime.rs:55:10
   |
54 | impl<T: Sized> FIFOPush<T> {
   | -------------------------- associated function in this implementation
55 |   pub fn new(cycle: usize, data: T, pusher: &'static str) -> Self {
   |          ^^^

warning: associated function `new` is never used
  --> src/runtime.rs:68:10
   |
67 | impl FIFOPop {
   | ------------ associated function in this implementation
68 |   pub fn new(cycle: usize, pusher: &'static str) -> Self {
   |          ^^^

warning: struct `FIFO` is never constructed
  --> src/runtime.rs:72:12
   |
72 | pub struct FIFO<T: Sized> {
   |            ^^^^

warning: associated items `new`, `is_empty`, `front`, and `tick` are never used
  --> src/runtime.rs:78:10
   |
77 | impl<T: Sized> FIFO<T> {
   | ---------------------- associated items in this implementation
78 |   pub fn new() -> Self {
   |          ^^^
...
85 |   pub fn is_empty(&self) -> bool {
   |          ^^^^^^^^
...
88 |   pub fn front(&self) -> Option<&T> {
   |          ^^^^^
...
91 |   pub fn tick(&mut self, cycle: usize) {
   |          ^^^^

warning: struct `XEQ` is never constructed
   --> src/runtime.rs:124:12
    |
124 | pub struct XEQ<T: Sized + Cycled> {
    |            ^^^

warning: associated items `new`, `push`, and `pop` are never used
   --> src/runtime.rs:128:10
    |
127 | impl<T: Sized + Cycled> XEQ<T> {
    | ------------------------------ associated items in this implementation
128 |   pub fn new() -> Self {
    |          ^^^
...
131 |   pub fn push(&mut self, event: T) {
    |          ^^^^
...
138 |   pub fn pop(&mut self, current: usize) -> Option<T> {
    |          ^^^

warning: function `load_hex_file` is never used
   --> src/runtime.rs:153:8
    |
153 | pub fn load_hex_file<T: Num>(array: &mut Vec<T>, init_file: &str) {
    |        ^^^^^^^^^^^^^

warning: method `cast` is never used
   --> src/runtime.rs:178:6
    |
177 | pub trait ValueCastTo<T> {
    |           ----------- method in this trait
178 |   fn cast(&self) -> T;
    |      ^^^^

warning: `helloworld_simulator` (bin "helloworld_simulator") generated 19 warnings (run `cargo fix --bin "helloworld_simulator"` to apply 5 suggestions)
    Finished `release` profile [optimized] target(s) in 4.68s
     Running `/var/folders/pf/jw4l4qrn011g7vfcpf5jjcdw0000gn/T/helloworld/helloworld_simulator/target/release/helloworld_simulator`
system helloworld {
  

  
  _360b9 = module Driver {
    log('Hello, World!', )
  }



}
[WARN] /var/folders/pf/jw4l4qrn011g7vfcpf5jjcdw0000gn/T/helloworld already exists, please make sure we did not override anything.
[WARN] /var/folders/pf/jw4l4qrn011g7vfcpf5jjcdw0000gn/T/helloworld/src already exists, please make sure we did not override anything.
Execution successful for: ./test_helloworld.py
-----------------------------------------
Running script: ./test_explicit_pop.py
Command: CARGO_HTTP_PROXY="" CARGO_HTTPS_PROXY="" python ./test_explicit_pop.py
   Compiling explicit_pop v0.0.0 (/private/var/folders/pf/jw4l4qrn011g7vfcpf5jjcdw0000gn/T/explicit_pop)
warning: unused import: `std::collections::HashMap`
 --> src/main.rs:3:5
  |
3 | use std::collections::HashMap;
  |     ^^^^^^^^^^^^^^^^^^^^^^^^^
  |
  = note: `#[warn(unused_imports)]` on by default

warning: unused import: `std::path::PathBuf`
 --> src/main.rs:4:5
  |
4 | use std::path::PathBuf;
  |     ^^^^^^^^^^^^^^^^^^

warning: unused variable: `block_stack`
 --> src/main.rs:7:13
  |
7 |     let mut block_stack: Vec<assassyn::ir::node::BaseNode> = Vec::new();
  |             ^^^^^^^^^^^ help: if this is intentional, prefix it with an underscore: `_block_stack`
  |
  = note: `#[warn(unused_variables)]` on by default

warning: unused variable: `push_f8a05`
  --> src/main.rs:70:9
   |
70 |     let push_f8a05 = sys.bind_arg(_f8a05, "a".into(), _f89dd);
   |         ^^^^^^^^^^ help: if this is intentional, prefix it with an underscore: `_push_f8a05`

warning: unused variable: `push_f8a05`
  --> src/main.rs:72:9
   |
72 |     let push_f8a05 = sys.bind_arg(_f8a05, "b".into(), _f89dd);
   |         ^^^^^^^^^^ help: if this is intentional, prefix it with an underscore: `_push_f8a05`

warning: variable does not need to be mutable
 --> src/main.rs:7:9
  |
7 |     let mut block_stack: Vec<assassyn::ir::node::BaseNode> = Vec::new();
  |         ----^^^^^^^^^^^
  |         |
  |         help: remove this `mut`
  |
  = note: `#[warn(unused_mut)]` on by default

warning: `explicit_pop` (bin "explicit_pop") generated 6 warnings (run `cargo fix --bin "explicit_pop"` to apply 3 suggestions)
    Finished `release` profile [optimized] target(s) in 0.81s
     Running `target/release/explicit_pop`
system explicit_pop {
  Array: array_f89b5[1 x i32];

  // Key: 3
  #[]
  module adder_3e531(
    b: fifo<i32>,
    a: fifo<i32>,
  ) { // block-key: 4
    var_8 = adder_3e531.a.pop()
    var_10 = adder_3e531.b.pop()
    var_12 = var_8 + var_10
    log("adder: {} + {} = {}", var_8, var_10, var_12, )
  }

  // adder_3e531.a: fifo<i32> {
  //   adder_3e531.a.push(var_26) // handle: _33
  // }
  // Array: array_f89b5[1 x i32] {
  //   array_f89b5[(0:u1)] = var_26
  //   var_22 = array_f89b5[(0:u1)]
  // }
  // Module: adder_3e531
  // adder_3e531.b: fifo<i32> {
  //   adder_3e531.b.push(var_26) // handle: _36
  // }
  // Key: 5
  #[]
  module driver(  ) { // block-key: 6
    while true {
      var_22 = array_f89b5[(0:u1)]
      var_26 = var_22 + (1:i32)
      array_f89b5[(0:u1)] = var_26
      adder_3e531.a.push(var_26) // handle: _33
      adder_3e531.b.push(var_26) // handle: _36
      var_39 = bind adder_3e531 { b: var_36, a: var_33 }
      async_call var_39
      -----{Insert Here}-----
    }
  }
}
Writing simulator code to rust project: /private/var/folders/pf/jw4l4qrn011g7vfcpf5jjcdw0000gn/T/explicit_pop/explicit_pop_simulator
     Locking 20 packages to latest compatible versions
      Adding wasi v0.11.0+wasi-snapshot-preview1 (latest: v0.13.2+wasi-0.2.1)
   Compiling proc-macro2 v1.0.86
   Compiling unicode-ident v1.0.13
   Compiling libc v0.2.159
   Compiling autocfg v1.4.0
   Compiling byteorder v1.5.0
   Compiling num-traits v0.2.19
   Compiling cfg-if v1.0.0
   Compiling quote v1.0.37
   Compiling num-integer v0.1.46
   Compiling getrandom v0.2.15
   Compiling syn v2.0.79
   Compiling num-bigint v0.4.6
   Compiling rand_core v0.6.4
   Compiling zerocopy-derive v0.7.35
   Compiling zerocopy v0.7.35
   Compiling ppv-lite86 v0.2.20
   Compiling rand_chacha v0.3.1
   Compiling rand v0.8.5
   Compiling explicit_pop_simulator v0.1.0 (/var/folders/pf/jw4l4qrn011g7vfcpf5jjcdw0000gn/T/explicit_pop/explicit_pop_simulator)
warning: unused imports: `BigInt` and `BigUint`
 --> src/modules.rs:3:18
  |
3 | use num_bigint::{BigInt, BigUint};
  |                  ^^^^^^  ^^^^^^^
  |
  = note: `#[warn(unused_imports)]` on by default

warning: unused import: `std::collections::VecDeque`
 --> src/modules.rs:4:5
  |
4 | use std::collections::VecDeque;
  |     ^^^^^^^^^^^^^^^^^^^^^^^^^^

warning: unused imports: `BigInt` and `BigUint`
 --> src/simulator.rs:2:18
  |
2 | use num_bigint::{BigInt, BigUint};
  |                  ^^^^^^  ^^^^^^^

warning: unused import: `rand::seq::SliceRandom`
 --> src/simulator.rs:3:5
  |
3 | use rand::seq::SliceRandom;
  |     ^^^^^^^^^^^^^^^^^^^^^^

warning: unused variable: `var_39`
  --> src/modules.rs:59:7
   |
59 |   let var_39 = { () };
   |       ^^^^^^ help: if this is intentional, prefix it with an underscore: `_var_39`
   |
   = note: `#[warn(unused_variables)]` on by default

warning: associated function `new_with_init` is never used
  --> src/runtime.rs:37:10
   |
30 | impl<T: Sized + Default + Clone> Array<T> {
   | ----------------------------------------- associated function in this implementation
...
37 |   pub fn new_with_init(payload: Vec<T>) -> Self {
   |          ^^^^^^^^^^^^^
   |
   = note: `#[warn(dead_code)]` on by default

warning: method `front` is never used
  --> src/runtime.rs:88:10
   |
77 | impl<T: Sized> FIFO<T> {
   | ---------------------- method in this implementation
...
88 |   pub fn front(&self) -> Option<&T> {
   |          ^^^^^

warning: function `load_hex_file` is never used
   --> src/runtime.rs:153:8
    |
153 | pub fn load_hex_file<T: Num>(array: &mut Vec<T>, init_file: &str) {
    |        ^^^^^^^^^^^^^

warning: `explicit_pop_simulator` (bin "explicit_pop_simulator") generated 8 warnings (run `cargo fix --bin "explicit_pop_simulator"` to apply 4 suggestions)
    Finished `release` profile [optimized] target(s) in 5.96s
     Running `/var/folders/pf/jw4l4qrn011g7vfcpf5jjcdw0000gn/T/explicit_pop/explicit_pop_simulator/target/release/explicit_pop_simulator`
system explicit_pop {
  array array_f89b5[i32; 1] = None

  
  _3e531 = module Adder_3e531 {
    a: Port<i32>
    b: Port<i32>
  } {
    _f76d5 = _3e531.a.pop()
    _f8929 = _3e531.b.pop()
    _f8995 = _f76d5 + _f8929
    log('adder: {} + {} = {}', _f76d5, _f8929, _f8995)
  }


  
  _f63e5 = module Driver {
    _f89c9 = array_f89b5[(0:u1)]
    _f89dd = _f89c9 + (1:i32)
    array_f89b5[(0:u1)] = _f89dd
    _3e531.a.push(_f89dd) // handle = _f8a11
    _3e531.b.push(_f89dd) // handle = _f8a81
    _f8a05 = _3e531.bind([_f8a11 /* _3e531.a=_f89dd */, _f8a81 /* _3e531.b=_f89dd */])
    async_call _f8a05
  }



}
[WARN] /var/folders/pf/jw4l4qrn011g7vfcpf5jjcdw0000gn/T/explicit_pop already exists, please make sure we did not override anything.
[WARN] /var/folders/pf/jw4l4qrn011g7vfcpf5jjcdw0000gn/T/explicit_pop/src already exists, please make sure we did not override anything.
Execution successful for: ./test_explicit_pop.py
-----------------------------------------
Running script: ./test_downstream.py
Command: CARGO_HTTP_PROXY="" CARGO_HTTPS_PROXY="" python ./test_downstream.py
Traceback (most recent call last):
  File "/Users/lychee/node/assassyn/python/unit-tests/./test_downstream.py", line 86, in <module>
    test_downstream()
  File "/Users/lychee/node/assassyn/python/unit-tests/./test_downstream.py", line 64, in test_downstream
    adder = Adder()
            ^^^^^^^
  File "/Users/lychee/node/assassyn/python/unit-tests/./test_downstream.py", line 35, in __init__
    super().__init__(ports={})
TypeError: Downstream.__init__() got an unexpected keyword argument 'ports'
Failed to run script: ./test_downstream.py
-----------------------------------------
Running script: ./test_record.py
Command: CARGO_HTTP_PROXY="" CARGO_HTTPS_PROXY="" python ./test_record.py
Traceback (most recent call last):
  File "/Users/lychee/node/assassyn/python/unit-tests/./test_record.py", line 91, in <module>
    test_record()
  File "/Users/lychee/node/assassyn/python/unit-tests/./test_record.py", line 67, in test_record
    adder.build()
  File "/Users/lychee/.local/lib/python3.11/site-packages/decorator.py", line 232, in fun
    return caller(func, *(extras + args), **kw)
           ^^^^^^^^^^^^^^^^^^^^^^^^^^^^^^^^^^^^
  File "/Users/lychee/node/assassyn/python/assassyn/module/module.py", line 194, in combinational
    res = func(*args, **kwargs)
          ^^^^^^^^^^^^^^^^^^^^^
  File "/Users/lychee/node/assassyn/python/unit-tests/./test_record.py", line 19, in build
    valid = self.a.is_odd & self.b.is_odd
            ^^^^^^^^^^^^^
AttributeError: 'Port' object has no attribute 'is_odd'
Failed to run script: ./test_record.py
-----------------------------------------
Running script: ./test_fib.py
Command: CARGO_HTTP_PROXY="" CARGO_HTTPS_PROXY="" python ./test_fib.py
   Compiling fib v0.0.0 (/private/var/folders/pf/jw4l4qrn011g7vfcpf5jjcdw0000gn/T/fib)
warning: unused import: `assassyn::ir::node::IsElement`
 --> src/main.rs:2:5
  |
2 | use assassyn::ir::node::IsElement;
  |     ^^^^^^^^^^^^^^^^^^^^^^^^^^^^^
  |
  = note: `#[warn(unused_imports)]` on by default

warning: unused import: `std::collections::HashMap`
 --> src/main.rs:3:5
  |
3 | use std::collections::HashMap;
  |     ^^^^^^^^^^^^^^^^^^^^^^^^^

warning: unused import: `std::path::PathBuf`
 --> src/main.rs:4:5
  |
4 | use std::path::PathBuf;
  |     ^^^^^^^^^^^^^^^^^^

warning: unused variable: `block_stack`
 --> src/main.rs:7:13
  |
7 |     let mut block_stack: Vec<assassyn::ir::node::BaseNode> = Vec::new();
  |             ^^^^^^^^^^^ help: if this is intentional, prefix it with an underscore: `_block_stack`
  |
  = note: `#[warn(unused_variables)]` on by default

warning: variable does not need to be mutable
 --> src/main.rs:7:9
  |
7 |     let mut block_stack: Vec<assassyn::ir::node::BaseNode> = Vec::new();
  |         ----^^^^^^^^^^^
  |         |
  |         help: remove this `mut`
  |
  = note: `#[warn(unused_mut)]` on by default

warning: `fib` (bin "fib") generated 5 warnings (run `cargo fix --bin "fib"` to apply 4 suggestions)
    Finished `release` profile [optimized] target(s) in 0.77s
     Running `target/release/fib`
system fib {
  Array: array_617e9[1 x i256];
  Array: array_5d96d[1 x i256];

  // Array: array_617e9[1 x i256] {
  //   array_617e9[(0:u1)] = var_13
  //   var_10 = array_617e9[(0:u1)]
  // }
  // Array: array_5d96d[1 x i256] {
  //   array_5d96d[(0:u1)] = var_10
  //   var_7 = array_5d96d[(0:u1)]
  // }
  // Key: 4
  #[]
  module driver(  ) { // block-key: 5
    while true {
      var_7 = array_5d96d[(0:u1)]
      var_10 = array_617e9[(0:u1)]
      var_13 = var_7 + var_10
      log("fib: {} + {} = {}", var_7, var_10, var_13, )
      array_5d96d[(0:u1)] = var_10
      array_617e9[(0:u1)] = var_13
      -----{Insert Here}-----
    }
  }
}
Writing simulator code to rust project: /private/var/folders/pf/jw4l4qrn011g7vfcpf5jjcdw0000gn/T/fib/fib_simulator
     Locking 20 packages to latest compatible versions
      Adding wasi v0.11.0+wasi-snapshot-preview1 (latest: v0.13.2+wasi-0.2.1)
   Compiling proc-macro2 v1.0.86
   Compiling unicode-ident v1.0.13
   Compiling libc v0.2.159
   Compiling autocfg v1.4.0
   Compiling byteorder v1.5.0
   Compiling num-traits v0.2.19
   Compiling cfg-if v1.0.0
   Compiling quote v1.0.37
   Compiling num-integer v0.1.46
   Compiling getrandom v0.2.15
   Compiling syn v2.0.79
   Compiling num-bigint v0.4.6
   Compiling rand_core v0.6.4
   Compiling zerocopy-derive v0.7.35
   Compiling zerocopy v0.7.35
   Compiling ppv-lite86 v0.2.20
   Compiling rand_chacha v0.3.1
   Compiling rand v0.8.5
   Compiling fib_simulator v0.1.0 (/var/folders/pf/jw4l4qrn011g7vfcpf5jjcdw0000gn/T/fib/fib_simulator)
warning: unused import: `BigUint`
 --> src/modules.rs:3:26
  |
3 | use num_bigint::{BigInt, BigUint};
  |                          ^^^^^^^
  |
  = note: `#[warn(unused_imports)]` on by default

warning: unused import: `std::collections::VecDeque`
 --> src/modules.rs:4:5
  |
4 | use std::collections::VecDeque;
  |     ^^^^^^^^^^^^^^^^^^^^^^^^^^

warning: unused import: `BigUint`
 --> src/simulator.rs:2:26
  |
2 | use num_bigint::{BigInt, BigUint};
  |                          ^^^^^^^

warning: unused import: `rand::seq::SliceRandom`
 --> src/simulator.rs:3:5
  |
3 | use rand::seq::SliceRandom;
  |     ^^^^^^^^^^^^^^^^^^^^^^

warning: associated function `new` is never used
  --> src/runtime.rs:31:10
   |
30 | impl<T: Sized + Default + Clone> Array<T> {
   | ----------------------------------------- associated function in this implementation
31 |   pub fn new(n: usize) -> Self {
   |          ^^^
   |
   = note: `#[warn(dead_code)]` on by default

warning: field `data` is never read
  --> src/runtime.rs:51:3
   |
49 | pub struct FIFOPush<T: Sized> {
   |            -------- field in this struct
50 |   cycle: usize,
51 |   data: T,
   |   ^^^^

warning: associated function `new` is never used
  --> src/runtime.rs:55:10
   |
54 | impl<T: Sized> FIFOPush<T> {
   | -------------------------- associated function in this implementation
55 |   pub fn new(cycle: usize, data: T, pusher: &'static str) -> Self {
   |          ^^^

warning: associated function `new` is never used
  --> src/runtime.rs:68:10
   |
67 | impl FIFOPop {
   | ------------ associated function in this implementation
68 |   pub fn new(cycle: usize, pusher: &'static str) -> Self {
   |          ^^^

warning: struct `FIFO` is never constructed
  --> src/runtime.rs:72:12
   |
72 | pub struct FIFO<T: Sized> {
   |            ^^^^

warning: associated items `new`, `is_empty`, `front`, and `tick` are never used
  --> src/runtime.rs:78:10
   |
77 | impl<T: Sized> FIFO<T> {
   | ---------------------- associated items in this implementation
78 |   pub fn new() -> Self {
   |          ^^^
...
85 |   pub fn is_empty(&self) -> bool {
   |          ^^^^^^^^
...
88 |   pub fn front(&self) -> Option<&T> {
   |          ^^^^^
...
91 |   pub fn tick(&mut self, cycle: usize) {
   |          ^^^^

warning: function `load_hex_file` is never used
   --> src/runtime.rs:153:8
    |
153 | pub fn load_hex_file<T: Num>(array: &mut Vec<T>, init_file: &str) {
    |        ^^^^^^^^^^^^^

warning: `fib_simulator` (bin "fib_simulator") generated 11 warnings (run `cargo fix --bin "fib_simulator"` to apply 4 suggestions)
    Finished `release` profile [optimized] target(s) in 5.11s
     Running `/var/folders/pf/jw4l4qrn011g7vfcpf5jjcdw0000gn/T/fib/fib_simulator/target/release/fib_simulator`
system fib {
  array array_5d96d[i256; 1] = [0]
  array array_617e9[i256; 1] = [1]

  
  _a88dd = module Driver {
    _508e1 = array_5d96d[(0:u1)]
    _63d8d = array_617e9[(0:u1)]
    _63d95 = _508e1 + _63d8d
    log('fib: {} + {} = {}', _508e1, _63d8d, _63d95)
    array_5d96d[(0:u1)] = _63d8d
    array_617e9[(0:u1)] = _63d95
  }



}
[WARN] /var/folders/pf/jw4l4qrn011g7vfcpf5jjcdw0000gn/T/fib already exists, please make sure we did not override anything.
[WARN] /var/folders/pf/jw4l4qrn011g7vfcpf5jjcdw0000gn/T/fib/src already exists, please make sure we did not override anything.
Execution successful for: ./test_fib.py
-----------------------------------------
Running script: ./test_select.py
Command: CARGO_HTTP_PROXY="" CARGO_HTTPS_PROXY="" python ./test_select.py
   Compiling select v0.0.0 (/private/var/folders/pf/jw4l4qrn011g7vfcpf5jjcdw0000gn/T/select)
warning: unused import: `assassyn::ir::node::IsElement`
 --> src/main.rs:2:5
  |
2 | use assassyn::ir::node::IsElement;
  |     ^^^^^^^^^^^^^^^^^^^^^^^^^^^^^
  |
  = note: `#[warn(unused_imports)]` on by default

warning: unused import: `std::collections::HashMap`
 --> src/main.rs:3:5
  |
3 | use std::collections::HashMap;
  |     ^^^^^^^^^^^^^^^^^^^^^^^^^

warning: unused import: `std::path::PathBuf`
 --> src/main.rs:4:5
  |
4 | use std::path::PathBuf;
  |     ^^^^^^^^^^^^^^^^^^

warning: unused variable: `block_stack`
 --> src/main.rs:7:13
  |
7 |     let mut block_stack: Vec<assassyn::ir::node::BaseNode> = Vec::new();
  |             ^^^^^^^^^^^ help: if this is intentional, prefix it with an underscore: `_block_stack`
  |
  = note: `#[warn(unused_variables)]` on by default

warning: variable does not need to be mutable
 --> src/main.rs:7:9
  |
7 |     let mut block_stack: Vec<assassyn::ir::node::BaseNode> = Vec::new();
  |         ----^^^^^^^^^^^
  |         |
  |         help: remove this `mut`
  |
  = note: `#[warn(unused_mut)]` on by default

warning: `select` (bin "select") generated 5 warnings (run `cargo fix --bin "select"` to apply 4 suggestions)
    Finished `release` profile [optimized] target(s) in 0.82s
     Running `target/release/select`
system select {
  Array: array_8f431[1 x u32];
  Array: array_02931[1 x u32];

  // Array: array_02931[1 x u32] {
  //   var_5 = array_02931[(0:u1)]
  //   array_02931[(0:u1)] = var_32
  // }
  // Array: array_8f431[1 x u32] {
  //   array_8f431[(0:u1)] = var_38
  //   var_8 = array_8f431[(0:u1)]
  // }
  // Key: 2
  #[]
  module driver(  ) { // block-key: 3
    while true {
      var_5 = array_02931[(0:u1)]
      var_8 = array_8f431[(0:u1)]
      var_12 = var_5 * (12345:u32)
      var_16 = var_8 * (54321:u32)
      var_20 = var_12 + (67890:u32)
      var_24 = var_16 + (9876:u32)
      var_28 = var_20[0:31] // b32
      var_32 = bitcast u32(var_28)
      var_34 = var_24[0:31] // b32
      var_38 = bitcast u32(var_34)
      array_02931[(0:u1)] = var_32
      array_8f431[(0:u1)] = var_38
      var_48 = var_32 > var_38
      var_51 = select var_48 ? var_32 : var_38
      log("select: {} >? {} = {}", var_32, var_38, var_51, )
      -----{Insert Here}-----
    }
  }
}
Writing simulator code to rust project: /private/var/folders/pf/jw4l4qrn011g7vfcpf5jjcdw0000gn/T/select/select_simulator
     Locking 20 packages to latest compatible versions
      Adding wasi v0.11.0+wasi-snapshot-preview1 (latest: v0.13.2+wasi-0.2.1)
   Compiling proc-macro2 v1.0.86
   Compiling unicode-ident v1.0.13
   Compiling libc v0.2.159
   Compiling autocfg v1.4.0
   Compiling byteorder v1.5.0
   Compiling num-traits v0.2.19
   Compiling cfg-if v1.0.0
   Compiling quote v1.0.37
   Compiling getrandom v0.2.15
   Compiling num-integer v0.1.46
   Compiling syn v2.0.79
   Compiling rand_core v0.6.4
   Compiling num-bigint v0.4.6
   Compiling zerocopy-derive v0.7.35
   Compiling zerocopy v0.7.35
   Compiling ppv-lite86 v0.2.20
   Compiling rand_chacha v0.3.1
   Compiling rand v0.8.5
   Compiling select_simulator v0.1.0 (/var/folders/pf/jw4l4qrn011g7vfcpf5jjcdw0000gn/T/select/select_simulator)
warning: unused import: `BigInt`
 --> src/modules.rs:3:18
  |
3 | use num_bigint::{BigInt, BigUint};
  |                  ^^^^^^
  |
  = note: `#[warn(unused_imports)]` on by default

warning: unused import: `std::collections::VecDeque`
 --> src/modules.rs:4:5
  |
4 | use std::collections::VecDeque;
  |     ^^^^^^^^^^^^^^^^^^^^^^^^^^

warning: unused imports: `BigInt` and `BigUint`
 --> src/simulator.rs:2:18
  |
2 | use num_bigint::{BigInt, BigUint};
  |                  ^^^^^^  ^^^^^^^

warning: unused import: `rand::seq::SliceRandom`
 --> src/simulator.rs:3:5
  |
3 | use rand::seq::SliceRandom;
  |     ^^^^^^^^^^^^^^^^^^^^^^

warning: associated function `new_with_init` is never used
  --> src/runtime.rs:37:10
   |
30 | impl<T: Sized + Default + Clone> Array<T> {
   | ----------------------------------------- associated function in this implementation
...
37 |   pub fn new_with_init(payload: Vec<T>) -> Self {
   |          ^^^^^^^^^^^^^
   |
   = note: `#[warn(dead_code)]` on by default

warning: field `data` is never read
  --> src/runtime.rs:51:3
   |
49 | pub struct FIFOPush<T: Sized> {
   |            -------- field in this struct
50 |   cycle: usize,
51 |   data: T,
   |   ^^^^

warning: associated function `new` is never used
  --> src/runtime.rs:55:10
   |
54 | impl<T: Sized> FIFOPush<T> {
   | -------------------------- associated function in this implementation
55 |   pub fn new(cycle: usize, data: T, pusher: &'static str) -> Self {
   |          ^^^

warning: associated function `new` is never used
  --> src/runtime.rs:68:10
   |
67 | impl FIFOPop {
   | ------------ associated function in this implementation
68 |   pub fn new(cycle: usize, pusher: &'static str) -> Self {
   |          ^^^

warning: struct `FIFO` is never constructed
  --> src/runtime.rs:72:12
   |
72 | pub struct FIFO<T: Sized> {
   |            ^^^^

warning: associated items `new`, `is_empty`, `front`, and `tick` are never used
  --> src/runtime.rs:78:10
   |
77 | impl<T: Sized> FIFO<T> {
   | ---------------------- associated items in this implementation
78 |   pub fn new() -> Self {
   |          ^^^
...
85 |   pub fn is_empty(&self) -> bool {
   |          ^^^^^^^^
...
88 |   pub fn front(&self) -> Option<&T> {
   |          ^^^^^
...
91 |   pub fn tick(&mut self, cycle: usize) {
   |          ^^^^

warning: function `load_hex_file` is never used
   --> src/runtime.rs:153:8
    |
153 | pub fn load_hex_file<T: Num>(array: &mut Vec<T>, init_file: &str) {
    |        ^^^^^^^^^^^^^

warning: `select_simulator` (bin "select_simulator") generated 11 warnings (run `cargo fix --bin "select_simulator"` to apply 4 suggestions)
    Finished `release` profile [optimized] target(s) in 5.32s
     Running `/var/folders/pf/jw4l4qrn011g7vfcpf5jjcdw0000gn/T/select/select_simulator/target/release/select_simulator`
system select {
  array array_02931[u32; 1] = None
  array array_8f431[u32; 1] = None

  
  _da89d = module Driver {
    _93381 = array_02931[(0:u1)]
    _9592d = array_8f431[(0:u1)]
    _95941 = _93381 * (12345:u32)
    _95951 = _9592d * (54321:u32)
    _95955 = _95941 + (67890:u32)
    _95975 = _95951 + (9876:u32)
    _95981 = _95955[(0:u1):(31:u5)]
    _95991 = bitcast _95981 to u32
    _959a1 = _95975[(0:u1):(31:u5)]
    _959c5 = bitcast _959a1 to u32
    array_02931[(0:u1)] = _95991
    array_8f431[(0:u1)] = _959c5
    _959f5 = _95991 > _959c5
    _95a09 = _959f5 ? _95991 : _959c5
    log('select: {} >? {} = {}', _95991, _959c5, _95a09)
  }



}
[WARN] /var/folders/pf/jw4l4qrn011g7vfcpf5jjcdw0000gn/T/select already exists, please make sure we did not override anything.
[WARN] /var/folders/pf/jw4l4qrn011g7vfcpf5jjcdw0000gn/T/select/src already exists, please make sure we did not override anything.
Execution successful for: ./test_select.py
-----------------------------------------
Running script: ./test_select1hot.py
Command: CARGO_HTTP_PROXY="" CARGO_HTTPS_PROXY="" python ./test_select1hot.py
   Compiling select1hot v0.0.0 (/private/var/folders/pf/jw4l4qrn011g7vfcpf5jjcdw0000gn/T/select1hot)
warning: unused import: `assassyn::ir::node::IsElement`
 --> src/main.rs:2:5
  |
2 | use assassyn::ir::node::IsElement;
  |     ^^^^^^^^^^^^^^^^^^^^^^^^^^^^^
  |
  = note: `#[warn(unused_imports)]` on by default

warning: unused import: `std::collections::HashMap`
 --> src/main.rs:3:5
  |
3 | use std::collections::HashMap;
  |     ^^^^^^^^^^^^^^^^^^^^^^^^^

warning: unused import: `std::path::PathBuf`
 --> src/main.rs:4:5
  |
4 | use std::path::PathBuf;
  |     ^^^^^^^^^^^^^^^^^^

warning: unused variable: `block_stack`
 --> src/main.rs:7:13
  |
7 |     let mut block_stack: Vec<assassyn::ir::node::BaseNode> = Vec::new();
  |             ^^^^^^^^^^^ help: if this is intentional, prefix it with an underscore: `_block_stack`
  |
  = note: `#[warn(unused_variables)]` on by default

warning: variable does not need to be mutable
 --> src/main.rs:7:9
  |
7 |     let mut block_stack: Vec<assassyn::ir::node::BaseNode> = Vec::new();
  |         ----^^^^^^^^^^^
  |         |
  |         help: remove this `mut`
  |
  = note: `#[warn(unused_mut)]` on by default

warning: `select1hot` (bin "select1hot") generated 5 warnings (run `cargo fix --bin "select1hot"` to apply 4 suggestions)
    Finished `release` profile [optimized] target(s) in 0.92s
     Running `target/release/select1hot`
system select1hot {
  Array: array_24b1d[5 x i32];
  Array: array_ad155[1 x i5];

  // Array: array_24b1d[5 x i32] {
  //   var_18 = array_24b1d[(0:u1)]
  //   var_30 = array_24b1d[(3:u2)]
  //   var_34 = array_24b1d[(4:u3)]
  //   var_26 = array_24b1d[(2:u2)]
  //   var_22 = array_24b1d[(1:u1)]
  // }
  // Array: array_ad155[1 x i5] {
  //   var_49 = array_ad155[(0:u1)]
  //   var_11 = array_ad155[(0:u1)]
  //   array_ad155[(0:u1)] = var_56
  // }
  // Key: 8
  #[NoArbiter]
  module driver(  ) { // block-key: 9
    while true {
      var_11 = array_ad155[(0:u1)]
      var_15 = (1:i5) << var_11
      var_18 = array_24b1d[(0:u1)]
      var_22 = array_24b1d[(1:u1)]
      var_26 = array_24b1d[(2:u2)]
      var_30 = array_24b1d[(3:u2)]
      var_34 = array_24b1d[(4:u3)]
      var_37 = select1hot var_15 (var_18, var_22, var_26, var_30, var_34)
      log("onehot select 0b{:b} from [1,2,4,8,16]: {}", var_15, var_37, )
      var_49 = array_ad155[(0:u1)]
      var_52 = var_49 + (1:i5)
      var_56 = var_52 % (5:i5)
      array_ad155[(0:u1)] = var_56
      -----{Insert Here}-----
    }
  }
}
Writing simulator code to rust project: /private/var/folders/pf/jw4l4qrn011g7vfcpf5jjcdw0000gn/T/select1hot/select1hot_simulator
     Locking 20 packages to latest compatible versions
      Adding wasi v0.11.0+wasi-snapshot-preview1 (latest: v0.13.2+wasi-0.2.1)
   Compiling proc-macro2 v1.0.86
   Compiling unicode-ident v1.0.13
   Compiling libc v0.2.159
   Compiling autocfg v1.4.0
   Compiling cfg-if v1.0.0
   Compiling num-traits v0.2.19
   Compiling byteorder v1.5.0
   Compiling quote v1.0.37
   Compiling getrandom v0.2.15
   Compiling num-integer v0.1.46
   Compiling syn v2.0.79
   Compiling rand_core v0.6.4
   Compiling num-bigint v0.4.6
   Compiling zerocopy-derive v0.7.35
   Compiling zerocopy v0.7.35
   Compiling ppv-lite86 v0.2.20
   Compiling rand_chacha v0.3.1
   Compiling rand v0.8.5
   Compiling select1hot_simulator v0.1.0 (/var/folders/pf/jw4l4qrn011g7vfcpf5jjcdw0000gn/T/select1hot/select1hot_simulator)
warning: unused imports: `BigInt` and `BigUint`
 --> src/modules.rs:3:18
  |
3 | use num_bigint::{BigInt, BigUint};
  |                  ^^^^^^  ^^^^^^^
  |
  = note: `#[warn(unused_imports)]` on by default

warning: unused import: `std::collections::VecDeque`
 --> src/modules.rs:4:5
  |
4 | use std::collections::VecDeque;
  |     ^^^^^^^^^^^^^^^^^^^^^^^^^^

warning: unused imports: `BigInt` and `BigUint`
 --> src/simulator.rs:2:18
  |
2 | use num_bigint::{BigInt, BigUint};
  |                  ^^^^^^  ^^^^^^^

warning: unused import: `rand::seq::SliceRandom`
 --> src/simulator.rs:3:5
  |
3 | use rand::seq::SliceRandom;
  |     ^^^^^^^^^^^^^^^^^^^^^^

warning: associated function `new` is never used
  --> src/runtime.rs:31:10
   |
30 | impl<T: Sized + Default + Clone> Array<T> {
   | ----------------------------------------- associated function in this implementation
31 |   pub fn new(n: usize) -> Self {
   |          ^^^
   |
   = note: `#[warn(dead_code)]` on by default

warning: field `data` is never read
  --> src/runtime.rs:51:3
   |
49 | pub struct FIFOPush<T: Sized> {
   |            -------- field in this struct
50 |   cycle: usize,
51 |   data: T,
   |   ^^^^

warning: associated function `new` is never used
  --> src/runtime.rs:55:10
   |
54 | impl<T: Sized> FIFOPush<T> {
   | -------------------------- associated function in this implementation
55 |   pub fn new(cycle: usize, data: T, pusher: &'static str) -> Self {
   |          ^^^

warning: associated function `new` is never used
  --> src/runtime.rs:68:10
   |
67 | impl FIFOPop {
   | ------------ associated function in this implementation
68 |   pub fn new(cycle: usize, pusher: &'static str) -> Self {
   |          ^^^

warning: struct `FIFO` is never constructed
  --> src/runtime.rs:72:12
   |
72 | pub struct FIFO<T: Sized> {
   |            ^^^^

warning: associated items `new`, `is_empty`, `front`, and `tick` are never used
  --> src/runtime.rs:78:10
   |
77 | impl<T: Sized> FIFO<T> {
   | ---------------------- associated items in this implementation
78 |   pub fn new() -> Self {
   |          ^^^
...
85 |   pub fn is_empty(&self) -> bool {
   |          ^^^^^^^^
...
88 |   pub fn front(&self) -> Option<&T> {
   |          ^^^^^
...
91 |   pub fn tick(&mut self, cycle: usize) {
   |          ^^^^

warning: function `load_hex_file` is never used
   --> src/runtime.rs:153:8
    |
153 | pub fn load_hex_file<T: Num>(array: &mut Vec<T>, init_file: &str) {
    |        ^^^^^^^^^^^^^

warning: `select1hot_simulator` (bin "select1hot_simulator") generated 11 warnings (run `cargo fix --bin "select1hot_simulator"` to apply 4 suggestions)
    Finished `release` profile [optimized] target(s) in 5.47s
     Running `/var/folders/pf/jw4l4qrn011g7vfcpf5jjcdw0000gn/T/select1hot/select1hot_simulator/target/release/select1hot_simulator`
system select1hot {
  array array_ad155[i5; 1] = [0]
  array array_24b1d[i32; 5] = [1, 2, 4, 8, 16]

  #[no_arbiter: True] 
  _a62c9 = module Driver {
    _b21a5 = array_ad155[(0:u1)]
    _b352d = (1:i5) << _b21a5
    _b3581 = array_24b1d[(0:u1)]
    _b3591 = array_24b1d[(1:u1)]
    _b35a1 = array_24b1d[(2:u2)]
    _b35bd = array_24b1d[(3:u2)]
    _b35d1 = array_24b1d[(4:u3)]
    _b35e1 = select_1hot _b352d (_b3581, _b3591, _b35a1, _b35bd, _b35d1)
    log('onehot select 0b{:b} from [1,2,4,8,16]: {}', _b352d, _b35e1)
    _b35f9 = array_ad155[(0:u1)]
    _b3615 = _b35f9 + (1:i5)
    _b3629 = _b3615 % (5:i5)
    array_ad155[(0:u1)] = _b3629
  }



}
[WARN] /var/folders/pf/jw4l4qrn011g7vfcpf5jjcdw0000gn/T/select1hot already exists, please make sure we did not override anything.
[WARN] /var/folders/pf/jw4l4qrn011g7vfcpf5jjcdw0000gn/T/select1hot/src already exists, please make sure we did not override anything.
Execution successful for: ./test_select1hot.py
-----------------------------------------
Running script: ./test_async_call.py
Command: CARGO_HTTP_PROXY="" CARGO_HTTPS_PROXY="" python ./test_async_call.py
   Compiling async_call v0.0.0 (/private/var/folders/pf/jw4l4qrn011g7vfcpf5jjcdw0000gn/T/async_call)
warning: unused import: `std::collections::HashMap`
 --> src/main.rs:3:5
  |
3 | use std::collections::HashMap;
  |     ^^^^^^^^^^^^^^^^^^^^^^^^^
  |
  = note: `#[warn(unused_imports)]` on by default

warning: unused import: `std::path::PathBuf`
 --> src/main.rs:4:5
  |
4 | use std::path::PathBuf;
  |     ^^^^^^^^^^^^^^^^^^

warning: unused variable: `push_d8bb1`
   --> src/main.rs:115:9
    |
115 |     let push_d8bb1 = sys.bind_arg(_d8bb1, "a".into(), _d8b8d);
    |         ^^^^^^^^^^ help: if this is intentional, prefix it with an underscore: `_push_d8bb1`
    |
    = note: `#[warn(unused_variables)]` on by default

warning: unused variable: `push_d8bb1`
   --> src/main.rs:117:9
    |
117 |     let push_d8bb1 = sys.bind_arg(_d8bb1, "b".into(), _d8ba1);
    |         ^^^^^^^^^^ help: if this is intentional, prefix it with an underscore: `_push_d8bb1`

warning: `async_call` (bin "async_call") generated 4 warnings (run `cargo fix --bin "async_call"` to apply 2 suggestions)
    Finished `release` profile [optimized] target(s) in 0.90s
     Running `target/release/async_call`
system async_call {
  Array: array_d8b01[1 x i32];

  // Array: array_d8b01[1 x i32] {
  //   var_31 = array_d8b01[(0:u1)]
  //   var_42 = array_d8b01[(0:u1)]
  //   array_d8b01[(0:u1)] = var_35
  //   var_55 = array_d8b01[(0:u1)]
  //   var_52 = array_d8b01[(0:u1)]
  // }
  // adder_a4859.b: fifo<i32> {
  //   adder_a4859.b.push(var_55) // handle: _61
  // }
  // Module: adder_a4859
  // adder_a4859.a: fifo<i32> {
  //   adder_a4859.a.push(var_52) // handle: _58
  // }
  // Key: 5
  #[]
  module driver(  ) { // block-key: 6
    while true {
      var_31 = array_d8b01[(0:u1)]
      var_35 = var_31 + (1:i32)
      array_d8b01[(0:u1)] = var_35
      var_42 = array_d8b01[(0:u1)]
      var_46 = var_42 < (100:i32)
      if var_46 {
        var_52 = array_d8b01[(0:u1)]
        var_55 = array_d8b01[(0:u1)]
        adder_a4859.a.push(var_52) // handle: _58
        adder_a4859.b.push(var_55) // handle: _61
        var_64 = bind adder_a4859 { b: var_61, a: var_58 }
        async_call var_64
      }
      -----{Insert Here}-----
    }
  }

  // Key: 3
  #[]
  module adder_a4859(
    a: fifo<i32>,
    b: fifo<i32>,
  ) { // block-key: 4
    a.valid()
    b.valid()
    var_12 = var_8 & var_10
    wait_until var_12 
    var_17 = adder_a4859.a.pop()
    var_19 = adder_a4859.b.pop()
    var_21 = var_17 + var_19
    log("Adder: {} + {} = {}", var_17, var_19, var_21, )
  }
}
Writing simulator code to rust project: /private/var/folders/pf/jw4l4qrn011g7vfcpf5jjcdw0000gn/T/async_call/async_call_simulator
     Locking 20 packages to latest compatible versions
      Adding wasi v0.11.0+wasi-snapshot-preview1 (latest: v0.13.2+wasi-0.2.1)
   Compiling proc-macro2 v1.0.86
   Compiling unicode-ident v1.0.13
   Compiling libc v0.2.159
   Compiling autocfg v1.4.0
   Compiling byteorder v1.5.0
   Compiling num-traits v0.2.19
   Compiling cfg-if v1.0.0
   Compiling quote v1.0.37
   Compiling num-integer v0.1.46
   Compiling getrandom v0.2.15
   Compiling syn v2.0.79
   Compiling num-bigint v0.4.6
   Compiling rand_core v0.6.4
   Compiling zerocopy-derive v0.7.35
   Compiling zerocopy v0.7.35
   Compiling ppv-lite86 v0.2.20
   Compiling rand_chacha v0.3.1
   Compiling rand v0.8.5
   Compiling async_call_simulator v0.1.0 (/var/folders/pf/jw4l4qrn011g7vfcpf5jjcdw0000gn/T/async_call/async_call_simulator)
warning: unused imports: `BigInt` and `BigUint`
 --> src/modules.rs:3:18
  |
3 | use num_bigint::{BigInt, BigUint};
  |                  ^^^^^^  ^^^^^^^
  |
  = note: `#[warn(unused_imports)]` on by default

warning: unused import: `std::collections::VecDeque`
 --> src/modules.rs:4:5
  |
4 | use std::collections::VecDeque;
  |     ^^^^^^^^^^^^^^^^^^^^^^^^^^

warning: unused imports: `BigInt` and `BigUint`
 --> src/simulator.rs:2:18
  |
2 | use num_bigint::{BigInt, BigUint};
  |                  ^^^^^^  ^^^^^^^

warning: unused variable: `var_64`
  --> src/modules.rs:26:9
   |
26 |     let var_64 = { () };
   |         ^^^^^^ help: if this is intentional, prefix it with an underscore: `_var_64`
   |
   = note: `#[warn(unused_variables)]` on by default

warning: associated function `new_with_init` is never used
  --> src/runtime.rs:37:10
   |
30 | impl<T: Sized + Default + Clone> Array<T> {
   | ----------------------------------------- associated function in this implementation
...
37 |   pub fn new_with_init(payload: Vec<T>) -> Self {
   |          ^^^^^^^^^^^^^
   |
   = note: `#[warn(dead_code)]` on by default

warning: method `front` is never used
  --> src/runtime.rs:88:10
   |
77 | impl<T: Sized> FIFO<T> {
   | ---------------------- method in this implementation
...
88 |   pub fn front(&self) -> Option<&T> {
   |          ^^^^^

warning: function `load_hex_file` is never used
   --> src/runtime.rs:153:8
    |
153 | pub fn load_hex_file<T: Num>(array: &mut Vec<T>, init_file: &str) {
    |        ^^^^^^^^^^^^^

warning: `async_call_simulator` (bin "async_call_simulator") generated 7 warnings (run `cargo fix --bin "async_call_simulator"` to apply 3 suggestions)
    Finished `release` profile [optimized] target(s) in 6.36s
     Running `/var/folders/pf/jw4l4qrn011g7vfcpf5jjcdw0000gn/T/async_call/async_call_simulator/target/release/async_call_simulator`
system async_call {
  array array_d8b01[i32; 1] = None

  #[timing: 2] 
  _a4859 = module Adder_a4859 {
    a: Port<i32>
    b: Port<i32>
  } {
    _c11c5 = _a4859.a.valid()
    _d8a89 = _a4859.b.valid()
    _d8ab1 = _c11c5 & _d8a89
    side effect intrinsic.wait_until({'_d8ab1'})
    _d8ac1 = _a4859.a.pop()
    _d8ac9 = _a4859.b.pop()
    _d8add = _d8ac1 + _d8ac9
    log('Adder: {} + {} = {}', _d8ac1, _d8ac9, _d8add)
  }


  
  _c11b1 = module Driver {
    _d8b15 = array_d8b01[(0:u1)]
    _d8b29 = _d8b15 + (1:i32)
    array_d8b01[(0:u1)] = _d8b29
    _d8b4d = array_d8b01[(0:u1)]
    _d8b65 = _d8b4d < (100:i32)
    when _d8b65 {
      _d8b8d = array_d8b01[(0:u1)]
      _d8ba1 = array_d8b01[(0:u1)]
      _a4859.a.push(_d8b8d) // handle = _d8bbd
      _a4859.b.push(_d8ba1) // handle = _da811
      _d8bb1 = _a4859.bind([_d8bbd /* _a4859.a=_d8b8d */, _da811 /* _a4859.b=_d8ba1 */])
      async_call _d8bb1
    }
  }



}
system async_call {
  array array_d8b01[i32; 1] = None

  #[timing: 2] 
  _a4859 = module Adder_a4859 {
    a: Port<i32>
    b: Port<i32>
  } {
    _c11c5 = _a4859.a.valid()
    _d8a89 = _a4859.b.valid()
    _d8ab1 = _c11c5 & _d8a89
    side effect intrinsic.wait_until({'_d8ab1'})
    _d8ac1 = _a4859.a.pop()
    _d8ac9 = _a4859.b.pop()
    _d8add = _d8ac1 + _d8ac9
    log('Adder: {} + {} = {}', _d8ac1, _d8ac9, _d8add)
  }


  
  _c11b1 = module Driver {
    _d8b15 = array_d8b01[(0:u1)]
    _d8b29 = _d8b15 + (1:i32)
    array_d8b01[(0:u1)] = _d8b29
    _d8b4d = array_d8b01[(0:u1)]
    _d8b65 = _d8b4d < (100:i32)
    when _d8b65 {
      _d8b8d = array_d8b01[(0:u1)]
      _d8ba1 = array_d8b01[(0:u1)]
      _a4859.a.push(_d8b8d) // handle = _d8bbd
      _a4859.b.push(_d8ba1) // handle = _da811
      _d8bb1 = _a4859.bind([_d8bbd /* _a4859.a=_d8b8d */, _da811 /* _a4859.b=_d8ba1 */])
      async_call _d8bb1
    }
  }



}
[WARN] /var/folders/pf/jw4l4qrn011g7vfcpf5jjcdw0000gn/T/async_call already exists, please make sure we did not override anything.
[WARN] /var/folders/pf/jw4l4qrn011g7vfcpf5jjcdw0000gn/T/async_call/src already exists, please make sure we did not override anything.
Execution successful for: ./test_async_call.py
-----------------------------------------
Running script: ./test_inline0.py
Command: CARGO_HTTP_PROXY="" CARGO_HTTPS_PROXY="" python ./test_inline0.py
   Compiling inline0 v0.0.0 (/private/var/folders/pf/jw4l4qrn011g7vfcpf5jjcdw0000gn/T/inline0)
warning: unused import: `assassyn::ir::node::IsElement`
 --> src/main.rs:2:5
  |
2 | use assassyn::ir::node::IsElement;
  |     ^^^^^^^^^^^^^^^^^^^^^^^^^^^^^
  |
  = note: `#[warn(unused_imports)]` on by default

warning: unused import: `std::collections::HashMap`
 --> src/main.rs:3:5
  |
3 | use std::collections::HashMap;
  |     ^^^^^^^^^^^^^^^^^^^^^^^^^

warning: unused import: `std::path::PathBuf`
 --> src/main.rs:4:5
  |
4 | use std::path::PathBuf;
  |     ^^^^^^^^^^^^^^^^^^

warning: unused variable: `block_stack`
 --> src/main.rs:7:13
  |
7 |     let mut block_stack: Vec<assassyn::ir::node::BaseNode> = Vec::new();
  |             ^^^^^^^^^^^ help: if this is intentional, prefix it with an underscore: `_block_stack`
  |
  = note: `#[warn(unused_variables)]` on by default

warning: variable does not need to be mutable
 --> src/main.rs:7:9
  |
7 |     let mut block_stack: Vec<assassyn::ir::node::BaseNode> = Vec::new();
  |         ----^^^^^^^^^^^
  |         |
  |         help: remove this `mut`
  |
  = note: `#[warn(unused_mut)]` on by default

warning: `inline0` (bin "inline0") generated 5 warnings (run `cargo fix --bin "inline0"` to apply 4 suggestions)
    Finished `release` profile [optimized] target(s) in 0.88s
     Running `target/release/inline0`
system inline0 {
  Array: array_c1405[1 x i32];

  // Array: array_c1405[1 x i32] {
  //   array_c1405[(0:u1)] = var_8
  //   var_4 = array_c1405[(0:u1)]
  // }
  // Key: 1
  #[]
  module driver(  ) { // block-key: 2
    while true {
      var_4 = array_c1405[(0:u1)]
      var_8 = var_4 + (1:i32)
      array_c1405[(0:u1)] = var_8
      var_15 = var_8 + var_8
      log("adder: {} + {} = {}", var_8, var_8, var_15, )
      -----{Insert Here}-----
    }
  }
}
Writing simulator code to rust project: /private/var/folders/pf/jw4l4qrn011g7vfcpf5jjcdw0000gn/T/inline0/inline0_simulator
     Locking 20 packages to latest compatible versions
      Adding wasi v0.11.0+wasi-snapshot-preview1 (latest: v0.13.2+wasi-0.2.1)
   Compiling proc-macro2 v1.0.86
   Compiling unicode-ident v1.0.13
   Compiling libc v0.2.159
   Compiling autocfg v1.4.0
   Compiling cfg-if v1.0.0
   Compiling num-traits v0.2.19
   Compiling byteorder v1.5.0
   Compiling getrandom v0.2.15
   Compiling quote v1.0.37
   Compiling num-integer v0.1.46
   Compiling rand_core v0.6.4
   Compiling syn v2.0.79
   Compiling num-bigint v0.4.6
   Compiling zerocopy-derive v0.7.35
   Compiling zerocopy v0.7.35
   Compiling ppv-lite86 v0.2.20
   Compiling rand_chacha v0.3.1
   Compiling rand v0.8.5
   Compiling inline0_simulator v0.1.0 (/var/folders/pf/jw4l4qrn011g7vfcpf5jjcdw0000gn/T/inline0/inline0_simulator)
warning: unused imports: `BigInt` and `BigUint`
 --> src/modules.rs:3:18
  |
3 | use num_bigint::{BigInt, BigUint};
  |                  ^^^^^^  ^^^^^^^
  |
  = note: `#[warn(unused_imports)]` on by default

warning: unused import: `std::collections::VecDeque`
 --> src/modules.rs:4:5
  |
4 | use std::collections::VecDeque;
  |     ^^^^^^^^^^^^^^^^^^^^^^^^^^

warning: unused imports: `BigInt` and `BigUint`
 --> src/simulator.rs:2:18
  |
2 | use num_bigint::{BigInt, BigUint};
  |                  ^^^^^^  ^^^^^^^

warning: unused import: `rand::seq::SliceRandom`
 --> src/simulator.rs:3:5
  |
3 | use rand::seq::SliceRandom;
  |     ^^^^^^^^^^^^^^^^^^^^^^

warning: associated function `new_with_init` is never used
  --> src/runtime.rs:37:10
   |
30 | impl<T: Sized + Default + Clone> Array<T> {
   | ----------------------------------------- associated function in this implementation
...
37 |   pub fn new_with_init(payload: Vec<T>) -> Self {
   |          ^^^^^^^^^^^^^
   |
   = note: `#[warn(dead_code)]` on by default

warning: field `data` is never read
  --> src/runtime.rs:51:3
   |
49 | pub struct FIFOPush<T: Sized> {
   |            -------- field in this struct
50 |   cycle: usize,
51 |   data: T,
   |   ^^^^

warning: associated function `new` is never used
  --> src/runtime.rs:55:10
   |
54 | impl<T: Sized> FIFOPush<T> {
   | -------------------------- associated function in this implementation
55 |   pub fn new(cycle: usize, data: T, pusher: &'static str) -> Self {
   |          ^^^

warning: associated function `new` is never used
  --> src/runtime.rs:68:10
   |
67 | impl FIFOPop {
   | ------------ associated function in this implementation
68 |   pub fn new(cycle: usize, pusher: &'static str) -> Self {
   |          ^^^

warning: struct `FIFO` is never constructed
  --> src/runtime.rs:72:12
   |
72 | pub struct FIFO<T: Sized> {
   |            ^^^^

warning: associated items `new`, `is_empty`, `front`, and `tick` are never used
  --> src/runtime.rs:78:10
   |
77 | impl<T: Sized> FIFO<T> {
   | ---------------------- associated items in this implementation
78 |   pub fn new() -> Self {
   |          ^^^
...
85 |   pub fn is_empty(&self) -> bool {
   |          ^^^^^^^^
...
88 |   pub fn front(&self) -> Option<&T> {
   |          ^^^^^
...
91 |   pub fn tick(&mut self, cycle: usize) {
   |          ^^^^

warning: function `load_hex_file` is never used
   --> src/runtime.rs:153:8
    |
153 | pub fn load_hex_file<T: Num>(array: &mut Vec<T>, init_file: &str) {
    |        ^^^^^^^^^^^^^

warning: `inline0_simulator` (bin "inline0_simulator") generated 11 warnings (run `cargo fix --bin "inline0_simulator"` to apply 4 suggestions)
    Finished `release` profile [optimized] target(s) in 5.33s
     Running `/var/folders/pf/jw4l4qrn011g7vfcpf5jjcdw0000gn/T/inline0/inline0_simulator/target/release/inline0_simulator`
system inline0 {
  array array_c1405[i32; 1] = None

  
  _9db25 = module Driver {
    _c5351 = array_c1405[(0:u1)]
    _c78f9 = _c5351 + (1:i32)
    array_c1405[(0:u1)] = _c78f9
    _c790d = _c78f9 + _c78f9
    log('adder: {} + {} = {}', _c78f9, _c78f9, _c790d)
  }



}
[WARN] /var/folders/pf/jw4l4qrn011g7vfcpf5jjcdw0000gn/T/inline0 already exists, please make sure we did not override anything.
[WARN] /var/folders/pf/jw4l4qrn011g7vfcpf5jjcdw0000gn/T/inline0/src already exists, please make sure we did not override anything.
Execution successful for: ./test_inline0.py
-----------------------------------------
Running script: ./test_driver.py
Command: CARGO_HTTP_PROXY="" CARGO_HTTPS_PROXY="" python ./test_driver.py
   Compiling driver v0.0.0 (/private/var/folders/pf/jw4l4qrn011g7vfcpf5jjcdw0000gn/T/driver)
warning: unused import: `assassyn::ir::node::IsElement`
 --> src/main.rs:2:5
  |
2 | use assassyn::ir::node::IsElement;
  |     ^^^^^^^^^^^^^^^^^^^^^^^^^^^^^
  |
  = note: `#[warn(unused_imports)]` on by default

warning: unused import: `std::collections::HashMap`
 --> src/main.rs:3:5
  |
3 | use std::collections::HashMap;
  |     ^^^^^^^^^^^^^^^^^^^^^^^^^

warning: unused import: `std::path::PathBuf`
 --> src/main.rs:4:5
  |
4 | use std::path::PathBuf;
  |     ^^^^^^^^^^^^^^^^^^

warning: unused variable: `block_stack`
 --> src/main.rs:7:13
  |
7 |     let mut block_stack: Vec<assassyn::ir::node::BaseNode> = Vec::new();
  |             ^^^^^^^^^^^ help: if this is intentional, prefix it with an underscore: `_block_stack`
  |
  = note: `#[warn(unused_variables)]` on by default

warning: variable does not need to be mutable
 --> src/main.rs:7:9
  |
7 |     let mut block_stack: Vec<assassyn::ir::node::BaseNode> = Vec::new();
  |         ----^^^^^^^^^^^
  |         |
  |         help: remove this `mut`
  |
  = note: `#[warn(unused_mut)]` on by default

warning: `driver` (bin "driver") generated 5 warnings (run `cargo fix --bin "driver"` to apply 4 suggestions)
    Finished `release` profile [optimized] target(s) in 0.86s
     Running `target/release/driver`
system driver {
  Array: array_7eba1[1 x u32];

  // Array: array_7eba1[1 x u32] {
  //   var_4 = array_7eba1[(0:u1)]
  //   var_15 = array_7eba1[(0:u1)]
  //   array_7eba1[(0:u1)] = var_8
  // }
  // Key: 1
  #[]
  module driver(  ) { // block-key: 2
    while true {
      var_4 = array_7eba1[(0:u1)]
      var_8 = var_4 + (1:u32)
      array_7eba1[(0:u1)] = var_8
      var_15 = array_7eba1[(0:u1)]
      log("cnt: {}", var_15, )
      -----{Insert Here}-----
    }
  }
}
Writing simulator code to rust project: /private/var/folders/pf/jw4l4qrn011g7vfcpf5jjcdw0000gn/T/driver/driver_simulator
     Locking 20 packages to latest compatible versions
      Adding wasi v0.11.0+wasi-snapshot-preview1 (latest: v0.13.2+wasi-0.2.1)
   Compiling proc-macro2 v1.0.86
   Compiling unicode-ident v1.0.13
   Compiling libc v0.2.159
   Compiling autocfg v1.4.0
   Compiling byteorder v1.5.0
   Compiling num-traits v0.2.19
   Compiling cfg-if v1.0.0
   Compiling quote v1.0.37
   Compiling num-integer v0.1.46
   Compiling getrandom v0.2.15
   Compiling syn v2.0.79
   Compiling num-bigint v0.4.6
   Compiling rand_core v0.6.4
   Compiling zerocopy-derive v0.7.35
   Compiling zerocopy v0.7.35
   Compiling ppv-lite86 v0.2.20
   Compiling rand_chacha v0.3.1
   Compiling rand v0.8.5
   Compiling driver_simulator v0.1.0 (/var/folders/pf/jw4l4qrn011g7vfcpf5jjcdw0000gn/T/driver/driver_simulator)
warning: unused imports: `BigInt` and `BigUint`
 --> src/modules.rs:3:18
  |
3 | use num_bigint::{BigInt, BigUint};
  |                  ^^^^^^  ^^^^^^^
  |
  = note: `#[warn(unused_imports)]` on by default

warning: unused import: `std::collections::VecDeque`
 --> src/modules.rs:4:5
  |
4 | use std::collections::VecDeque;
  |     ^^^^^^^^^^^^^^^^^^^^^^^^^^

warning: unused imports: `BigInt` and `BigUint`
 --> src/simulator.rs:2:18
  |
2 | use num_bigint::{BigInt, BigUint};
  |                  ^^^^^^  ^^^^^^^

warning: unused import: `rand::seq::SliceRandom`
 --> src/simulator.rs:3:5
  |
3 | use rand::seq::SliceRandom;
  |     ^^^^^^^^^^^^^^^^^^^^^^

warning: associated function `new_with_init` is never used
  --> src/runtime.rs:37:10
   |
30 | impl<T: Sized + Default + Clone> Array<T> {
   | ----------------------------------------- associated function in this implementation
...
37 |   pub fn new_with_init(payload: Vec<T>) -> Self {
   |          ^^^^^^^^^^^^^
   |
   = note: `#[warn(dead_code)]` on by default

warning: field `data` is never read
  --> src/runtime.rs:51:3
   |
49 | pub struct FIFOPush<T: Sized> {
   |            -------- field in this struct
50 |   cycle: usize,
51 |   data: T,
   |   ^^^^

warning: associated function `new` is never used
  --> src/runtime.rs:55:10
   |
54 | impl<T: Sized> FIFOPush<T> {
   | -------------------------- associated function in this implementation
55 |   pub fn new(cycle: usize, data: T, pusher: &'static str) -> Self {
   |          ^^^

warning: associated function `new` is never used
  --> src/runtime.rs:68:10
   |
67 | impl FIFOPop {
   | ------------ associated function in this implementation
68 |   pub fn new(cycle: usize, pusher: &'static str) -> Self {
   |          ^^^

warning: struct `FIFO` is never constructed
  --> src/runtime.rs:72:12
   |
72 | pub struct FIFO<T: Sized> {
   |            ^^^^

warning: associated items `new`, `is_empty`, `front`, and `tick` are never used
  --> src/runtime.rs:78:10
   |
77 | impl<T: Sized> FIFO<T> {
   | ---------------------- associated items in this implementation
78 |   pub fn new() -> Self {
   |          ^^^
...
85 |   pub fn is_empty(&self) -> bool {
   |          ^^^^^^^^
...
88 |   pub fn front(&self) -> Option<&T> {
   |          ^^^^^
...
91 |   pub fn tick(&mut self, cycle: usize) {
   |          ^^^^

warning: function `load_hex_file` is never used
   --> src/runtime.rs:153:8
    |
153 | pub fn load_hex_file<T: Num>(array: &mut Vec<T>, init_file: &str) {
    |        ^^^^^^^^^^^^^

warning: `driver_simulator` (bin "driver_simulator") generated 11 warnings (run `cargo fix --bin "driver_simulator"` to apply 4 suggestions)
    Finished `release` profile [optimized] target(s) in 5.31s
     Running `/var/folders/pf/jw4l4qrn011g7vfcpf5jjcdw0000gn/T/driver/driver_simulator/target/release/driver_simulator`
system driver {
  array array_7eba1[u32; 1] = None

  
  _7eb6d = module Driver {
    _9c18d = array_7eba1[(0:u1)]
    _a4285 = _9c18d + (1:u32)
    array_7eba1[(0:u1)] = _a4285
    _a4299 = array_7eba1[(0:u1)]
    log('cnt: {}', _a4299)
  }



}
system driver {
  array array_7eba1[u32; 1] = None

  
  _7eb6d = module Driver {
    _9c18d = array_7eba1[(0:u1)]
    _a4285 = _9c18d + (1:u32)
    array_7eba1[(0:u1)] = _a4285
    _a4299 = array_7eba1[(0:u1)]
    log('cnt: {}', _a4299)
  }



}
[WARN] /var/folders/pf/jw4l4qrn011g7vfcpf5jjcdw0000gn/T/driver already exists, please make sure we did not override anything.
[WARN] /var/folders/pf/jw4l4qrn011g7vfcpf5jjcdw0000gn/T/driver/src already exists, please make sure we did not override anything.
Execution successful for: ./test_driver.py
-----------------------------------------
Running script: ./test_inline1.py
Command: CARGO_HTTP_PROXY="" CARGO_HTTPS_PROXY="" python ./test_inline1.py
   Compiling inline1 v0.0.0 (/private/var/folders/pf/jw4l4qrn011g7vfcpf5jjcdw0000gn/T/inline1)
warning: unused import: `assassyn::ir::node::IsElement`
 --> src/main.rs:2:5
  |
2 | use assassyn::ir::node::IsElement;
  |     ^^^^^^^^^^^^^^^^^^^^^^^^^^^^^
  |
  = note: `#[warn(unused_imports)]` on by default

warning: unused import: `std::collections::HashMap`
 --> src/main.rs:3:5
  |
3 | use std::collections::HashMap;
  |     ^^^^^^^^^^^^^^^^^^^^^^^^^

warning: unused import: `std::path::PathBuf`
 --> src/main.rs:4:5
  |
4 | use std::path::PathBuf;
  |     ^^^^^^^^^^^^^^^^^^

warning: unused variable: `block_stack`
 --> src/main.rs:7:13
  |
7 |     let mut block_stack: Vec<assassyn::ir::node::BaseNode> = Vec::new();
  |             ^^^^^^^^^^^ help: if this is intentional, prefix it with an underscore: `_block_stack`
  |
  = note: `#[warn(unused_variables)]` on by default

warning: variable does not need to be mutable
 --> src/main.rs:7:9
  |
7 |     let mut block_stack: Vec<assassyn::ir::node::BaseNode> = Vec::new();
  |         ----^^^^^^^^^^^
  |         |
  |         help: remove this `mut`
  |
  = note: `#[warn(unused_mut)]` on by default

warning: `inline1` (bin "inline1") generated 5 warnings (run `cargo fix --bin "inline1"` to apply 4 suggestions)
    Finished `release` profile [optimized] target(s) in 0.93s
     Running `target/release/inline1`
system inline1 {
  Array: array_1ec79[1 x i32];

  // Array: array_1ec79[1 x i32] {
  //   var_4 = array_1ec79[(0:u1)]
  //   array_1ec79[(0:u1)] = var_8
  // }
  // Key: 1
  #[]
  module driver(  ) { // block-key: 2
    while true {
      var_4 = array_1ec79[(0:u1)]
      var_8 = var_4 + (1:i32)
      array_1ec79[(0:u1)] = var_8
      var_15 = var_8 + var_8
      var_18 = var_8 == var_8
      log("add: {} + {} = {}", var_8, var_8, var_15, )
      log("eq: {} == {} ? {}", var_8, var_8, var_18, )
      -----{Insert Here}-----
    }
  }
}
Writing simulator code to rust project: /private/var/folders/pf/jw4l4qrn011g7vfcpf5jjcdw0000gn/T/inline1/inline1_simulator
     Locking 20 packages to latest compatible versions
      Adding wasi v0.11.0+wasi-snapshot-preview1 (latest: v0.13.2+wasi-0.2.1)
   Compiling proc-macro2 v1.0.86
   Compiling unicode-ident v1.0.13
   Compiling libc v0.2.159
   Compiling autocfg v1.4.0
   Compiling byteorder v1.5.0
   Compiling num-traits v0.2.19
   Compiling cfg-if v1.0.0
   Compiling quote v1.0.37
   Compiling getrandom v0.2.15
   Compiling num-integer v0.1.46
   Compiling syn v2.0.79
   Compiling rand_core v0.6.4
   Compiling num-bigint v0.4.6
   Compiling zerocopy-derive v0.7.35
   Compiling zerocopy v0.7.35
   Compiling ppv-lite86 v0.2.20
   Compiling rand_chacha v0.3.1
   Compiling rand v0.8.5
   Compiling inline1_simulator v0.1.0 (/var/folders/pf/jw4l4qrn011g7vfcpf5jjcdw0000gn/T/inline1/inline1_simulator)
warning: unused imports: `BigInt` and `BigUint`
 --> src/modules.rs:3:18
  |
3 | use num_bigint::{BigInt, BigUint};
  |                  ^^^^^^  ^^^^^^^
  |
  = note: `#[warn(unused_imports)]` on by default

warning: unused import: `std::collections::VecDeque`
 --> src/modules.rs:4:5
  |
4 | use std::collections::VecDeque;
  |     ^^^^^^^^^^^^^^^^^^^^^^^^^^

warning: unused imports: `BigInt` and `BigUint`
 --> src/simulator.rs:2:18
  |
2 | use num_bigint::{BigInt, BigUint};
  |                  ^^^^^^  ^^^^^^^

warning: unused import: `rand::seq::SliceRandom`
 --> src/simulator.rs:3:5
  |
3 | use rand::seq::SliceRandom;
  |     ^^^^^^^^^^^^^^^^^^^^^^

warning: associated function `new_with_init` is never used
  --> src/runtime.rs:37:10
   |
30 | impl<T: Sized + Default + Clone> Array<T> {
   | ----------------------------------------- associated function in this implementation
...
37 |   pub fn new_with_init(payload: Vec<T>) -> Self {
   |          ^^^^^^^^^^^^^
   |
   = note: `#[warn(dead_code)]` on by default

warning: field `data` is never read
  --> src/runtime.rs:51:3
   |
49 | pub struct FIFOPush<T: Sized> {
   |            -------- field in this struct
50 |   cycle: usize,
51 |   data: T,
   |   ^^^^

warning: associated function `new` is never used
  --> src/runtime.rs:55:10
   |
54 | impl<T: Sized> FIFOPush<T> {
   | -------------------------- associated function in this implementation
55 |   pub fn new(cycle: usize, data: T, pusher: &'static str) -> Self {
   |          ^^^

warning: associated function `new` is never used
  --> src/runtime.rs:68:10
   |
67 | impl FIFOPop {
   | ------------ associated function in this implementation
68 |   pub fn new(cycle: usize, pusher: &'static str) -> Self {
   |          ^^^

warning: struct `FIFO` is never constructed
  --> src/runtime.rs:72:12
   |
72 | pub struct FIFO<T: Sized> {
   |            ^^^^

warning: associated items `new`, `is_empty`, `front`, and `tick` are never used
  --> src/runtime.rs:78:10
   |
77 | impl<T: Sized> FIFO<T> {
   | ---------------------- associated items in this implementation
78 |   pub fn new() -> Self {
   |          ^^^
...
85 |   pub fn is_empty(&self) -> bool {
   |          ^^^^^^^^
...
88 |   pub fn front(&self) -> Option<&T> {
   |          ^^^^^
...
91 |   pub fn tick(&mut self, cycle: usize) {
   |          ^^^^

warning: function `load_hex_file` is never used
   --> src/runtime.rs:153:8
    |
153 | pub fn load_hex_file<T: Num>(array: &mut Vec<T>, init_file: &str) {
    |        ^^^^^^^^^^^^^

warning: `inline1_simulator` (bin "inline1_simulator") generated 11 warnings (run `cargo fix --bin "inline1_simulator"` to apply 4 suggestions)
    Finished `release` profile [optimized] target(s) in 5.33s
     Running `/var/folders/pf/jw4l4qrn011g7vfcpf5jjcdw0000gn/T/inline1/inline1_simulator/target/release/inline1_simulator`
system inline1 {
  array array_1ec79[i32; 1] = None

  
  _6b0fd = module Driver {
    _967ed = array_1ec79[(0:u1)]
    _25159 = _967ed + (1:i32)
    array_1ec79[(0:u1)] = _25159
    _2516d = _25159 + _25159
    _25175 = _25159 == _25159
    log('add: {} + {} = {}', _25159, _25159, _2516d)
    log('eq: {} == {} ? {}', _25159, _25159, _25175)
  }



}
[WARN] /var/folders/pf/jw4l4qrn011g7vfcpf5jjcdw0000gn/T/inline1 already exists, please make sure we did not override anything.
[WARN] /var/folders/pf/jw4l4qrn011g7vfcpf5jjcdw0000gn/T/inline1/src already exists, please make sure we did not override anything.
Execution successful for: ./test_inline1.py
-----------------------------------------
Running script: ./test_toposort.py
Command: CARGO_HTTP_PROXY="" CARGO_HTTPS_PROXY="" python ./test_toposort.py
Traceback (most recent call last):
  File "/Users/lychee/node/assassyn/python/unit-tests/./test_toposort.py", line 102, in <module>
    test_toposort()
  File "/Users/lychee/node/assassyn/python/unit-tests/./test_toposort.py", line 75, in test_toposort
    adder1 = Adder()
             ^^^^^^^
  File "/Users/lychee/node/assassyn/python/unit-tests/./test_toposort.py", line 37, in __init__
    super().__init__(ports={})
TypeError: Downstream.__init__() got an unexpected keyword argument 'ports'
Failed to run script: ./test_toposort.py
-----------------------------------------
Running script: ./test_finish.py
Command: CARGO_HTTP_PROXY="" CARGO_HTTPS_PROXY="" python ./test_finish.py
   Compiling finish v0.0.0 (/private/var/folders/pf/jw4l4qrn011g7vfcpf5jjcdw0000gn/T/finish)
warning: unused import: `std::collections::HashMap`
 --> src/main.rs:3:5
  |
3 | use std::collections::HashMap;
  |     ^^^^^^^^^^^^^^^^^^^^^^^^^
  |
  = note: `#[warn(unused_imports)]` on by default

warning: unused import: `std::path::PathBuf`
 --> src/main.rs:4:5
  |
4 | use std::path::PathBuf;
  |     ^^^^^^^^^^^^^^^^^^

warning: `finish` (bin "finish") generated 2 warnings (run `cargo fix --bin "finish"` to apply 2 suggestions)
    Finished `release` profile [optimized] target(s) in 0.84s
     Running `target/release/finish`
system finish {
  Array: array_0ebad[1 x i32];

  // Array: array_0ebad[1 x i32] {
  //   array_0ebad[(0:u1)] = var_8
  //   var_22 = array_0ebad[(0:u1)]
  //   var_4 = array_0ebad[(0:u1)]
  //   var_15 = array_0ebad[(0:u1)]
  // }
  // Key: 1
  #[]
  module driver(  ) { // block-key: 2
    while true {
      var_4 = array_0ebad[(0:u1)]
      var_8 = var_4 + (1:i32)
      array_0ebad[(0:u1)] = var_8
      var_15 = array_0ebad[(0:u1)]
      log("cnt: {}", var_15, )
      var_22 = array_0ebad[(0:u1)]
      var_26 = var_22 >= (50:i32)
      if var_26 {
        halt  
      }
      -----{Insert Here}-----
    }
  }
}
Writing simulator code to rust project: /private/var/folders/pf/jw4l4qrn011g7vfcpf5jjcdw0000gn/T/finish/finish_simulator
     Locking 20 packages to latest compatible versions
      Adding wasi v0.11.0+wasi-snapshot-preview1 (latest: v0.13.2+wasi-0.2.1)
   Compiling proc-macro2 v1.0.86
   Compiling unicode-ident v1.0.13
   Compiling libc v0.2.159
   Compiling autocfg v1.4.0
   Compiling cfg-if v1.0.0
   Compiling num-traits v0.2.19
   Compiling byteorder v1.5.0
   Compiling quote v1.0.37
   Compiling getrandom v0.2.15
   Compiling num-integer v0.1.46
   Compiling syn v2.0.79
   Compiling rand_core v0.6.4
   Compiling num-bigint v0.4.6
   Compiling zerocopy-derive v0.7.35
   Compiling zerocopy v0.7.35
   Compiling ppv-lite86 v0.2.20
   Compiling rand_chacha v0.3.1
   Compiling rand v0.8.5
   Compiling finish_simulator v0.1.0 (/var/folders/pf/jw4l4qrn011g7vfcpf5jjcdw0000gn/T/finish/finish_simulator)
warning: unused imports: `BigInt` and `BigUint`
 --> src/modules.rs:3:18
  |
3 | use num_bigint::{BigInt, BigUint};
  |                  ^^^^^^  ^^^^^^^
  |
  = note: `#[warn(unused_imports)]` on by default

warning: unused import: `std::collections::VecDeque`
 --> src/modules.rs:4:5
  |
4 | use std::collections::VecDeque;
  |     ^^^^^^^^^^^^^^^^^^^^^^^^^^

warning: unused imports: `BigInt` and `BigUint`
 --> src/simulator.rs:2:18
  |
2 | use num_bigint::{BigInt, BigUint};
  |                  ^^^^^^  ^^^^^^^

warning: unused import: `rand::seq::SliceRandom`
 --> src/simulator.rs:3:5
  |
3 | use rand::seq::SliceRandom;
  |     ^^^^^^^^^^^^^^^^^^^^^^

warning: associated function `new_with_init` is never used
  --> src/runtime.rs:37:10
   |
30 | impl<T: Sized + Default + Clone> Array<T> {
   | ----------------------------------------- associated function in this implementation
...
37 |   pub fn new_with_init(payload: Vec<T>) -> Self {
   |          ^^^^^^^^^^^^^
   |
   = note: `#[warn(dead_code)]` on by default

warning: field `data` is never read
  --> src/runtime.rs:51:3
   |
49 | pub struct FIFOPush<T: Sized> {
   |            -------- field in this struct
50 |   cycle: usize,
51 |   data: T,
   |   ^^^^

warning: associated function `new` is never used
  --> src/runtime.rs:55:10
   |
54 | impl<T: Sized> FIFOPush<T> {
   | -------------------------- associated function in this implementation
55 |   pub fn new(cycle: usize, data: T, pusher: &'static str) -> Self {
   |          ^^^

warning: associated function `new` is never used
  --> src/runtime.rs:68:10
   |
67 | impl FIFOPop {
   | ------------ associated function in this implementation
68 |   pub fn new(cycle: usize, pusher: &'static str) -> Self {
   |          ^^^

warning: struct `FIFO` is never constructed
  --> src/runtime.rs:72:12
   |
72 | pub struct FIFO<T: Sized> {
   |            ^^^^

warning: associated items `new`, `is_empty`, `front`, and `tick` are never used
  --> src/runtime.rs:78:10
   |
77 | impl<T: Sized> FIFO<T> {
   | ---------------------- associated items in this implementation
78 |   pub fn new() -> Self {
   |          ^^^
...
85 |   pub fn is_empty(&self) -> bool {
   |          ^^^^^^^^
...
88 |   pub fn front(&self) -> Option<&T> {
   |          ^^^^^
...
91 |   pub fn tick(&mut self, cycle: usize) {
   |          ^^^^

warning: function `load_hex_file` is never used
   --> src/runtime.rs:153:8
    |
153 | pub fn load_hex_file<T: Num>(array: &mut Vec<T>, init_file: &str) {
    |        ^^^^^^^^^^^^^

warning: `finish_simulator` (bin "finish_simulator") generated 11 warnings (run `cargo fix --bin "finish_simulator"` to apply 4 suggestions)
    Finished `release` profile [optimized] target(s) in 5.39s
     Running `/var/folders/pf/jw4l4qrn011g7vfcpf5jjcdw0000gn/T/finish/finish_simulator/target/release/finish_simulator`
system finish {
  array array_0ebad[i32; 1] = None

  
  _0eb79 = module Driver {
    _2c17d = array_0ebad[(0:u1)]
    _3424d = _2c17d + (1:i32)
    array_0ebad[(0:u1)] = _3424d
    _34269 = array_0ebad[(0:u1)]
    log('cnt: {}', _34269)
    _3428d = array_0ebad[(0:u1)]
    _342a1 = _3428d >= (50:i32)
    when _342a1 {
      side effect intrinsic.finish({''})
    }
  }



}
system finish {
  array array_0ebad[i32; 1] = None

  
  _0eb79 = module Driver {
    _2c17d = array_0ebad[(0:u1)]
    _3424d = _2c17d + (1:i32)
    array_0ebad[(0:u1)] = _3424d
    _34269 = array_0ebad[(0:u1)]
    log('cnt: {}', _34269)
    _3428d = array_0ebad[(0:u1)]
    _342a1 = _3428d >= (50:i32)
    when _342a1 {
      side effect intrinsic.finish({''})
    }
  }



}
[WARN] /var/folders/pf/jw4l4qrn011g7vfcpf5jjcdw0000gn/T/finish already exists, please make sure we did not override anything.
[WARN] /var/folders/pf/jw4l4qrn011g7vfcpf5jjcdw0000gn/T/finish/src already exists, please make sure we did not override anything.
Execution successful for: ./test_finish.py
-----------------------------------------
Running script: ./test_peek.py
Command: CARGO_HTTP_PROXY="" CARGO_HTTPS_PROXY="" python ./test_peek.py
   Compiling peek v0.0.0 (/private/var/folders/pf/jw4l4qrn011g7vfcpf5jjcdw0000gn/T/peek)
warning: unused import: `std::collections::HashMap`
 --> src/main.rs:3:5
  |
3 | use std::collections::HashMap;
  |     ^^^^^^^^^^^^^^^^^^^^^^^^^
  |
  = note: `#[warn(unused_imports)]` on by default

warning: unused import: `std::path::PathBuf`
 --> src/main.rs:4:5
  |
4 | use std::path::PathBuf;
  |     ^^^^^^^^^^^^^^^^^^

warning: unused variable: `block_stack`
 --> src/main.rs:7:13
  |
7 |     let mut block_stack: Vec<assassyn::ir::node::BaseNode> = Vec::new();
  |             ^^^^^^^^^^^ help: if this is intentional, prefix it with an underscore: `_block_stack`
  |
  = note: `#[warn(unused_variables)]` on by default

warning: unused variable: `push_d8e01`
  --> src/main.rs:67:9
   |
67 |     let push_d8e01 = sys.bind_arg(_d8e01, "data".into(), _d8df5);
   |         ^^^^^^^^^^ help: if this is intentional, prefix it with an underscore: `_push_d8e01`

warning: variable does not need to be mutable
 --> src/main.rs:7:9
  |
7 |     let mut block_stack: Vec<assassyn::ir::node::BaseNode> = Vec::new();
  |         ----^^^^^^^^^^^
  |         |
  |         help: remove this `mut`
  |
  = note: `#[warn(unused_mut)]` on by default

warning: `peek` (bin "peek") generated 5 warnings (run `cargo fix --bin "peek"` to apply 3 suggestions)
    Finished `release` profile [optimized] target(s) in 0.85s
     Running `target/release/peek`
system peek {
  Array: array_d8de5[1 x i32];

  // Module: peeker_1e515
  // Array: array_d8de5[1 x i32] {
  //   var_17 = array_d8de5[(0:u1)]
  //   array_d8de5[(0:u1)] = var_29
  // }
  // peeker_1e515.data: fifo<i32> {
  //   peeker_1e515.data.push(var_17) // handle: _20
  // }
  // Key: 4
  #[]
  module driver(  ) { // block-key: 5
    while true {
      var_17 = array_d8de5[(0:u1)]
      peeker_1e515.data.push(var_17) // handle: _20
      var_23 = bind peeker_1e515 { data: var_20 }
      async_call var_23
      var_29 = var_17 + (1:i32)
      array_d8de5[(0:u1)] = var_29
      -----{Insert Here}-----
    }
  }

  // Key: 2
  #[]
  module peeker_1e515(
    data: fifo<i32>,
  ) { // block-key: 3
    data.peek()
    var_9 = peeker_1e515.data.pop()
    log("peek: {} pop: {}", var_7, var_9, )
  }
}
Writing simulator code to rust project: /private/var/folders/pf/jw4l4qrn011g7vfcpf5jjcdw0000gn/T/peek/peek_simulator
     Locking 20 packages to latest compatible versions
      Adding wasi v0.11.0+wasi-snapshot-preview1 (latest: v0.13.2+wasi-0.2.1)
   Compiling proc-macro2 v1.0.86
   Compiling unicode-ident v1.0.13
   Compiling libc v0.2.159
   Compiling autocfg v1.4.0
   Compiling byteorder v1.5.0
   Compiling num-traits v0.2.19
   Compiling cfg-if v1.0.0
   Compiling quote v1.0.37
   Compiling num-integer v0.1.46
   Compiling getrandom v0.2.15
   Compiling syn v2.0.79
   Compiling num-bigint v0.4.6
   Compiling rand_core v0.6.4
   Compiling zerocopy-derive v0.7.35
   Compiling zerocopy v0.7.35
   Compiling ppv-lite86 v0.2.20
   Compiling rand_chacha v0.3.1
   Compiling rand v0.8.5
   Compiling peek_simulator v0.1.0 (/var/folders/pf/jw4l4qrn011g7vfcpf5jjcdw0000gn/T/peek/peek_simulator)
warning: unused imports: `BigInt` and `BigUint`
 --> src/modules.rs:3:18
  |
3 | use num_bigint::{BigInt, BigUint};
  |                  ^^^^^^  ^^^^^^^
  |
  = note: `#[warn(unused_imports)]` on by default

warning: unused import: `std::collections::VecDeque`
 --> src/modules.rs:4:5
  |
4 | use std::collections::VecDeque;
  |     ^^^^^^^^^^^^^^^^^^^^^^^^^^

warning: unused imports: `BigInt` and `BigUint`
 --> src/simulator.rs:2:18
  |
2 | use num_bigint::{BigInt, BigUint};
  |                  ^^^^^^  ^^^^^^^

warning: unused import: `rand::seq::SliceRandom`
 --> src/simulator.rs:3:5
  |
3 | use rand::seq::SliceRandom;
  |     ^^^^^^^^^^^^^^^^^^^^^^

warning: unused variable: `var_23`
  --> src/modules.rs:13:7
   |
13 |   let var_23 = { () };
   |       ^^^^^^ help: if this is intentional, prefix it with an underscore: `_var_23`
   |
   = note: `#[warn(unused_variables)]` on by default

warning: associated function `new_with_init` is never used
  --> src/runtime.rs:37:10
   |
30 | impl<T: Sized + Default + Clone> Array<T> {
   | ----------------------------------------- associated function in this implementation
...
37 |   pub fn new_with_init(payload: Vec<T>) -> Self {
   |          ^^^^^^^^^^^^^
   |
   = note: `#[warn(dead_code)]` on by default

warning: function `load_hex_file` is never used
   --> src/runtime.rs:153:8
    |
153 | pub fn load_hex_file<T: Num>(array: &mut Vec<T>, init_file: &str) {
    |        ^^^^^^^^^^^^^

warning: `peek_simulator` (bin "peek_simulator") generated 7 warnings (run `cargo fix --bin "peek_simulator"` to apply 4 suggestions)
    Finished `release` profile [optimized] target(s) in 6.53s
     Running `/var/folders/pf/jw4l4qrn011g7vfcpf5jjcdw0000gn/T/peek/peek_simulator/target/release/peek_simulator`
system peek {
  array array_d8de5[i32; 1] = None

  
  _1e515 = module Peeker_1e515 {
    data: Port<i32>
  } {
    _d7815 = _1e515.data.peek()
    _d8d79 = _1e515.data.pop()
    log('peek: {} pop: {}', _d7815, _d8d79)
  }


  
  _d7811 = module Driver {
    _d8df5 = array_d8de5[(0:u1)]
    _1e515.data.push(_d8df5) // handle = _d8e15
    _d8e01 = _1e515.bind([_d8e15 /* _1e515.data=_d8df5 */])
    async_call _d8e01
    _d8e9d = _d8df5 + (1:i32)
    array_d8de5[(0:u1)] = _d8e9d
  }



}
[WARN] /var/folders/pf/jw4l4qrn011g7vfcpf5jjcdw0000gn/T/peek already exists, please make sure we did not override anything.
[WARN] /var/folders/pf/jw4l4qrn011g7vfcpf5jjcdw0000gn/T/peek/src already exists, please make sure we did not override anything.
Execution successful for: ./test_peek.py
-----------------------------------------
Running script: ./test_arbiter.py
Command: CARGO_HTTP_PROXY="" CARGO_HTTPS_PROXY="" python ./test_arbiter.py
   Compiling arbiter v0.0.0 (/private/var/folders/pf/jw4l4qrn011g7vfcpf5jjcdw0000gn/T/arbiter)
warning: unused import: `std::collections::HashMap`
 --> src/main.rs:3:5
  |
3 | use std::collections::HashMap;
  |     ^^^^^^^^^^^^^^^^^^^^^^^^^
  |
  = note: `#[warn(unused_imports)]` on by default

warning: unused import: `std::path::PathBuf`
 --> src/main.rs:4:5
  |
4 | use std::path::PathBuf;
  |     ^^^^^^^^^^^^^^^^^^

warning: unused variable: `push_2af2d`
   --> src/main.rs:155:9
    |
155 |     let push_2af2d = sys.bind_arg(_2af2d, "a".into(), _2af19);
    |         ^^^^^^^^^^ help: if this is intentional, prefix it with an underscore: `_push_2af2d`
    |
    = note: `#[warn(unused_variables)]` on by default

warning: unused variable: `push_2afc9`
   --> src/main.rs:182:9
    |
182 |     let push_2afc9 = sys.bind_arg(_2afc9, "a".into(), _2afb1);
    |         ^^^^^^^^^^ help: if this is intentional, prefix it with an underscore: `_push_2afc9`

warning: unused variable: `push_2ccf1`
   --> src/main.rs:227:9
    |
227 |     let push_2ccf1 = sys.bind_arg(_2ccf1, "a0".into(), _2cc79);
    |         ^^^^^^^^^^ help: if this is intentional, prefix it with an underscore: `_push_2ccf1`

warning: unused variable: `push_2cd25`
   --> src/main.rs:233:9
    |
233 |     let push_2cd25 = sys.bind_arg(_2cd25, "a1".into(), _2cca1);
    |         ^^^^^^^^^^ help: if this is intentional, prefix it with an underscore: `_push_2cd25`

warning: `arbiter` (bin "arbiter") generated 6 warnings (run `cargo fix --bin "arbiter"` to apply 2 suggestions)
    Finished `release` profile [optimized] target(s) in 0.95s
     Running `target/release/arbiter`
system arbiter {
  Array: array_2ae75[1 x b2];
  Array: array_2cc25[1 x i32];

  // Module: squarer_23c59
  // Array: array_2ae75[1 x b2] {
  //   array_2ae75[(0:u1)] = (1:b2)
  //   var_40 = array_2ae75[(0:u1)]
  //   array_2ae75[(0:u1)] = (2:b2)
  // }
  // squarer_23c59.a: fifo<i32> {
  //   squarer_23c59.a.push(var_74) // handle: _76
  //   squarer_23c59.a.push(var_94) // handle: _96
  // }
  // Key: 8
  #[NoArbiter]
  module arbiter_29051(
    a0: fifo<i32>,
    a1: fifo<i32>,
  ) { // block-key: 9
    a0.valid()
    a1.valid()
    var_31 = var_27 | var_29
    wait_until var_31 
    var_36 = concat(var_29, var_27) // var_29 << 1 | var_27
    var_40 = array_2ae75[(0:u1)]
    var_43 = !var_40
    var_45 = var_43 & var_36
    var_48 = var_40 & var_36
    var_52 = var_45 == (0:b2)
    var_55 = !var_52
    var_57 = select var_55 ? var_45 : var_48
    var_61 = var_57 == (1:b2)
    var_65 = var_57 == (2:b2)
    if var_61 {
      log("grants even", )
      var_74 = arbiter_29051.a0.pop()
      squarer_23c59.a.push(var_74) // handle: _76
      var_79 = bind squarer_23c59 { a: var_76 }
      async_call var_79
      array_2ae75[(0:u1)] = (1:b2)
    }
    if var_65 {
      log("grants odd", )
      var_94 = arbiter_29051.a1.pop()
      squarer_23c59.a.push(var_94) // handle: _96
      var_99 = bind squarer_23c59 { a: var_96 }
      async_call var_99
      array_2ae75[(0:u1)] = (2:b2)
    }
  }

  // Array: array_2cc25[1 x i32] {
  //   array_2cc25[(0:u1)] = var_112
  //   var_108 = array_2cc25[(0:u1)]
  // }
  // arbiter_29051.a0: fifo<i32> {
  //   arbiter_29051.a0.push(var_124) // handle: _140
  // }
  // arbiter_29051.a1: fifo<i32> {
  //   arbiter_29051.a1.push(var_126) // handle: _148
  // }
  // Module: arbiter_29051
  // Key: 10
  #[]
  module driver(  ) { // block-key: 11
    while true {
      var_108 = array_2cc25[(0:u1)]
      var_112 = var_108 + (1:i32)
      var_116 = var_112 * (2:i32)
      var_120 = var_116[0:31] // b32
      var_124 = bitcast i32(var_120)
      var_126 = var_124 + (1:i32)
      array_2cc25[(0:u1)] = var_112
      var_133 = var_112[0:0] // b1
      if var_133 {
        arbiter_29051.a0.push(var_124) // handle: _140
        var_143 = bind arbiter_29051 { a0: var_140 }
        async_call var_143
        arbiter_29051.a1.push(var_126) // handle: _148
        var_151 = bind arbiter_29051 { a1: var_148 }
        async_call var_151
      }
      -----{Insert Here}-----
    }
  }

  // Key: 4
  #[NoArbiter, Systolic]
  module squarer_23c59(
    a: fifo<i32>,
  ) { // block-key: 5
    var_16 = squarer_23c59.a.pop()
    var_18 = var_16 * var_16
    log("adder: {} * {} = {}", var_16, var_16, var_18, )
  }
}
Writing simulator code to rust project: /private/var/folders/pf/jw4l4qrn011g7vfcpf5jjcdw0000gn/T/arbiter/arbiter_simulator
     Locking 20 packages to latest compatible versions
      Adding wasi v0.11.0+wasi-snapshot-preview1 (latest: v0.13.2+wasi-0.2.1)
   Compiling proc-macro2 v1.0.86
   Compiling unicode-ident v1.0.13
   Compiling libc v0.2.159
   Compiling autocfg v1.4.0
   Compiling cfg-if v1.0.0
   Compiling num-traits v0.2.19
   Compiling byteorder v1.5.0
   Compiling num-integer v0.1.46
   Compiling quote v1.0.37
   Compiling getrandom v0.2.15
   Compiling rand_core v0.6.4
   Compiling syn v2.0.79
   Compiling num-bigint v0.4.6
   Compiling zerocopy-derive v0.7.35
   Compiling zerocopy v0.7.35
   Compiling ppv-lite86 v0.2.20
   Compiling rand_chacha v0.3.1
   Compiling rand v0.8.5
   Compiling arbiter_simulator v0.1.0 (/var/folders/pf/jw4l4qrn011g7vfcpf5jjcdw0000gn/T/arbiter/arbiter_simulator)
warning: unused import: `BigInt`
 --> src/modules.rs:3:18
  |
3 | use num_bigint::{BigInt, BigUint};
  |                  ^^^^^^
  |
  = note: `#[warn(unused_imports)]` on by default

warning: unused import: `std::collections::VecDeque`
 --> src/modules.rs:4:5
  |
4 | use std::collections::VecDeque;
  |     ^^^^^^^^^^^^^^^^^^^^^^^^^^

warning: unused imports: `BigInt` and `BigUint`
 --> src/simulator.rs:2:18
  |
2 | use num_bigint::{BigInt, BigUint};
  |                  ^^^^^^  ^^^^^^^

warning: unused import: `rand::seq::SliceRandom`
 --> src/simulator.rs:3:5
  |
3 | use rand::seq::SliceRandom;
  |     ^^^^^^^^^^^^^^^^^^^^^^

warning: unused variable: `var_79`
  --> src/modules.rs:56:9
   |
56 |     let var_79 = { () };
   |         ^^^^^^ help: if this is intentional, prefix it with an underscore: `_var_79`
   |
   = note: `#[warn(unused_variables)]` on by default

warning: unused variable: `var_99`
  --> src/modules.rs:85:9
   |
85 |     let var_99 = { () };
   |         ^^^^^^ help: if this is intentional, prefix it with an underscore: `_var_99`

warning: unused variable: `var_143`
   --> src/modules.rs:132:9
    |
132 |     let var_143 = { () };
    |         ^^^^^^^ help: if this is intentional, prefix it with an underscore: `_var_143`

warning: unused variable: `var_151`
   --> src/modules.rs:140:9
    |
140 |     let var_151 = { () };
    |         ^^^^^^^ help: if this is intentional, prefix it with an underscore: `_var_151`

warning: method `front` is never used
  --> src/runtime.rs:88:10
   |
77 | impl<T: Sized> FIFO<T> {
   | ---------------------- method in this implementation
...
88 |   pub fn front(&self) -> Option<&T> {
   |          ^^^^^
   |
   = note: `#[warn(dead_code)]` on by default

warning: function `load_hex_file` is never used
   --> src/runtime.rs:153:8
    |
153 | pub fn load_hex_file<T: Num>(array: &mut Vec<T>, init_file: &str) {
    |        ^^^^^^^^^^^^^

warning: `arbiter_simulator` (bin "arbiter_simulator") generated 10 warnings (run `cargo fix --bin "arbiter_simulator"` to apply 4 suggestions)
    Finished `release` profile [optimized] target(s) in 7.07s
     Running `/var/folders/pf/jw4l4qrn011g7vfcpf5jjcdw0000gn/T/arbiter/arbiter_simulator/target/release/arbiter_simulator`
system arbiter {
  array array_2ae75[b2; 1] = [1]
  array array_2cc25[i32; 1] = None

  #[no_arbiter: True, timing: 1] 
  _23c59 = module Squarer_23c59 {
    a: Port<i32>
  } {
    _29345 = _23c59.a.pop()
    _2add1 = _29345 * _29345
    log('adder: {} * {} = {}', _29345, _29345, _2add1)
  }


  #[no_arbiter: True] 
  _29051 = module Arbiter_29051 {
    a0: Port<i32>
    a1: Port<i32>
  } {
    _2ae31 = _29051.a0.valid()
    _2ae3d = _29051.a1.valid()
    _2ae55 = _2ae31 | _2ae3d
    side effect intrinsic.wait_until({'_2ae55'})
    _2ae69 = { _2ae3d _2ae31 }
    _2ae85 = array_2ae75[(0:u1)]
    _2ae89 = ~_2ae85
    _2ae9d = _2ae89 & _2ae69
    _2aea9 = _2ae85 & _2ae69
    _2aeb9 = _2ae9d == (0:b2)
    _2aebd = ~_2aeb9
    _2aed5 = _2aebd ? _2ae9d : _2aea9
    _2aee5 = _2aed5 == (1:b2)
    _2aef9 = _2aed5 == (2:b2)
    when _2aee5 {
      log('grants even', )
      _2af19 = _29051.a0.pop()
      _23c59.a.push(_2af19) // handle = _2af39
      _2af2d = _23c59.bind([_2af39 /* _23c59.a=_2af19 */])
      async_call _2af2d
      array_2ae75[(0:u1)] = (1:b2)
    }
    when _2aef9 {
      log('grants odd', )
      _2afb1 = _29051.a1.pop()
      _23c59.a.push(_2afb1) // handle = _2afd5
      _2afc9 = _23c59.bind([_2afd5 /* _23c59.a=_2afb1 */])
      async_call _2afc9
      array_2ae75[(0:u1)] = (2:b2)
    }
  }


  
  _2ae2d = module Driver {
    _2cc2d = array_2cc25[(0:u1)]
    _2cc45 = _2cc2d + (1:i32)
    _2cc59 = _2cc45 * (2:i32)
    _2cc65 = _2cc59[(0:u1):(31:u5)]
    _2cc79 = bitcast _2cc65 to i32
    _2cca1 = _2cc79 + (1:i32)
    array_2cc25[(0:u1)] = _2cc45
    _2ccbd = _2cc45[(0:u1):(0:u1)]
    when _2ccbd {
      _29051.a0.push(_2cc79) // handle = _2ccfd
      _2ccf1 = _29051.bind([_2ccfd /* _29051.a0=_2cc79 */])
      async_call _2ccf1
      _29051.a1.push(_2cca1) // handle = _2cd31
      _2cd25 = _29051.bind([_2cd31 /* _29051.a1=_2cca1 */])
      async_call _2cd25
    }
  }



}
system arbiter {
  array array_2ae75[b2; 1] = [1]
  array array_2cc25[i32; 1] = None

  #[no_arbiter: True, timing: 1] 
  _23c59 = module Squarer_23c59 {
    a: Port<i32>
  } {
    _29345 = _23c59.a.pop()
    _2add1 = _29345 * _29345
    log('adder: {} * {} = {}', _29345, _29345, _2add1)
  }


  #[no_arbiter: True] 
  _29051 = module Arbiter_29051 {
    a0: Port<i32>
    a1: Port<i32>
  } {
    _2ae31 = _29051.a0.valid()
    _2ae3d = _29051.a1.valid()
    _2ae55 = _2ae31 | _2ae3d
    side effect intrinsic.wait_until({'_2ae55'})
    _2ae69 = { _2ae3d _2ae31 }
    _2ae85 = array_2ae75[(0:u1)]
    _2ae89 = ~_2ae85
    _2ae9d = _2ae89 & _2ae69
    _2aea9 = _2ae85 & _2ae69
    _2aeb9 = _2ae9d == (0:b2)
    _2aebd = ~_2aeb9
    _2aed5 = _2aebd ? _2ae9d : _2aea9
    _2aee5 = _2aed5 == (1:b2)
    _2aef9 = _2aed5 == (2:b2)
    when _2aee5 {
      log('grants even', )
      _2af19 = _29051.a0.pop()
      _23c59.a.push(_2af19) // handle = _2af39
      _2af2d = _23c59.bind([_2af39 /* _23c59.a=_2af19 */])
      async_call _2af2d
      array_2ae75[(0:u1)] = (1:b2)
    }
    when _2aef9 {
      log('grants odd', )
      _2afb1 = _29051.a1.pop()
      _23c59.a.push(_2afb1) // handle = _2afd5
      _2afc9 = _23c59.bind([_2afd5 /* _23c59.a=_2afb1 */])
      async_call _2afc9
      array_2ae75[(0:u1)] = (2:b2)
    }
  }


  
  _2ae2d = module Driver {
    _2cc2d = array_2cc25[(0:u1)]
    _2cc45 = _2cc2d + (1:i32)
    _2cc59 = _2cc45 * (2:i32)
    _2cc65 = _2cc59[(0:u1):(31:u5)]
    _2cc79 = bitcast _2cc65 to i32
    _2cca1 = _2cc79 + (1:i32)
    array_2cc25[(0:u1)] = _2cc45
    _2ccbd = _2cc45[(0:u1):(0:u1)]
    when _2ccbd {
      _29051.a0.push(_2cc79) // handle = _2ccfd
      _2ccf1 = _29051.bind([_2ccfd /* _29051.a0=_2cc79 */])
      async_call _2ccf1
      _29051.a1.push(_2cca1) // handle = _2cd31
      _2cd25 = _29051.bind([_2cd31 /* _29051.a1=_2cca1 */])
      async_call _2cd25
    }
  }



}
[WARN] /var/folders/pf/jw4l4qrn011g7vfcpf5jjcdw0000gn/T/arbiter already exists, please make sure we did not override anything.
[WARN] /var/folders/pf/jw4l4qrn011g7vfcpf5jjcdw0000gn/T/arbiter/src already exists, please make sure we did not override anything.
Execution successful for: ./test_arbiter.py
-----------------------------------------
Running script: ./test_array_multi_write.py
Command: CARGO_HTTP_PROXY="" CARGO_HTTPS_PROXY="" python ./test_array_multi_write.py
Traceback (most recent call last):
  File "/Users/lychee/node/assassyn/python/unit-tests/./test_array_multi_write.py", line 70, in <module>
    test_array_multi_write()
  File "/Users/lychee/node/assassyn/python/unit-tests/./test_array_multi_write.py", line 54, in test_array_multi_write
    mod_a.build(arr)
  File "/Users/lychee/.local/lib/python3.11/site-packages/decorator.py", line 232, in fun
    return caller(func, *(extras + args), **kw)
           ^^^^^^^^^^^^^^^^^^^^^^^^^^^^^^^^^^^^
  File "/Users/lychee/node/assassyn/python/assassyn/module/module.py", line 194, in combinational
    res = func(*args, **kwargs)
          ^^^^^^^^^^^^^^^^^^^^^
  File "/Users/lychee/node/assassyn/python/unit-tests/./test_array_multi_write.py", line 16, in build
    v = self.a[0: 0]
        ~~~~~~^^^^^^
TypeError: 'Port' object is not subscriptable
Failed to run script: ./test_array_multi_write.py
-----------------------------------------
Running script: ./test_cse.py
Command: CARGO_HTTP_PROXY="" CARGO_HTTPS_PROXY="" python ./test_cse.py
Traceback (most recent call last):
  File "/Users/lychee/node/assassyn/python/unit-tests/./test_cse.py", line 76, in <module>
    test_cond_cse()
  File "/Users/lychee/node/assassyn/python/unit-tests/./test_cse.py", line 59, in test_cond_cse
    adder.build()
  File "/Users/lychee/.local/lib/python3.11/site-packages/decorator.py", line 232, in fun
    return caller(func, *(extras + args), **kw)
           ^^^^^^^^^^^^^^^^^^^^^^^^^^^^^^^^^^^^
  File "/Users/lychee/node/assassyn/python/assassyn/module/module.py", line 194, in combinational
    res = func(*args, **kwargs)
          ^^^^^^^^^^^^^^^^^^^^^
  File "/Users/lychee/node/assassyn/python/unit-tests/./test_cse.py", line 22, in build
    c = self.add_a + self.add_b
        ~~~~~~~~~~~^~~~~~~~~~~~
TypeError: unsupported operand type(s) for +: 'Port' and 'Port'
Failed to run script: ./test_cse.py
-----------------------------------------
Running script: ./test_array_partition0.py
Command: CARGO_HTTP_PROXY="" CARGO_HTTPS_PROXY="" python ./test_array_partition0.py
error: expected `;`, found keyword `let`
  --> /private/var/folders/pf/jw4l4qrn011g7vfcpf5jjcdw0000gn/T/array_partition0/src/main.rs:12:49
   |
12 | assassyn::ir::array::ArrayAttr::FullyPartitioned
   |                                                 ^ help: add `;` here
13 |   let array_c5771 = sys.create_array(assassyn::ir::DataType::int_ty(32), "array_c5771", 4, None...
   |   --- unexpected token

system array_partition0 {
  array array_c5771[i32; 4] = None
  array array_c5789[i32; 1] = None

  
  _0b781 = module Driver {
    _c6a85 = array_c5789[(0:u1)]
    _c7d39 = _c6a85 + (1:i32)
    array_c5789[(0:u1)] = _c7d39
    array_c5771[(0:u1)] = _c6a85
    array_c5771[(1:u1)] = _c6a85
    array_c5771[(2:u2)] = _c6a85
    array_c5771[(3:u2)] = _c6a85
    _c7da5 = array_c5771[(0:u1)]
    _c7dbd = array_c5771[(1:u1)]
    _c7dc1 = _c7da5 + _c7dbd
    _c7dd9 = array_c5771[(2:u2)]
    _c7de5 = _c7dc1 + _c7dd9
    _c7df9 = array_c5771[(3:u2)]
    _c7e05 = _c7de5 + _c7df9
    log('sum(a[:]) = {}', _c7e05)
  }



}
[WARN] /var/folders/pf/jw4l4qrn011g7vfcpf5jjcdw0000gn/T/array_partition0 already exists, please make sure we did not override anything.
[WARN] /var/folders/pf/jw4l4qrn011g7vfcpf5jjcdw0000gn/T/array_partition0/src already exists, please make sure we did not override anything.
Traceback (most recent call last):
  File "/Users/lychee/node/assassyn/python/unit-tests/./test_array_partition0.py", line 50, in <module>
    test_array_partition0()
  File "/Users/lychee/node/assassyn/python/unit-tests/./test_array_partition0.py", line 39, in test_array_partition0
    simulator_path, verilator_path = elaborate(sys, verilog=utils.has_verilator())
                                     ^^^^^^^^^^^^^^^^^^^^^^^^^^^^^^^^^^^^^^^^^^^^^
  File "/Users/lychee/node/assassyn/python/assassyn/backend.py", line 115, in elaborate
    subprocess.run(['cargo', 'fmt', '--manifest-path', toml], cwd=sys_dir, check=True)
  File "/Users/lychee/anaconda3/lib/python3.11/subprocess.py", line 571, in run
    raise CalledProcessError(retcode, process.args,
subprocess.CalledProcessError: Command '['cargo', 'fmt', '--manifest-path', '/var/folders/pf/jw4l4qrn011g7vfcpf5jjcdw0000gn/T/array_partition0/Cargo.toml']' returned non-zero exit status 1.
Failed to run script: ./test_array_partition0.py
-----------------------------------------
Running script: ./test_array_partition1.py
Command: CARGO_HTTP_PROXY="" CARGO_HTTPS_PROXY="" python ./test_array_partition1.py
error: expected `;`, found keyword `let`
  --> /private/var/folders/pf/jw4l4qrn011g7vfcpf5jjcdw0000gn/T/array_partition1/src/main.rs:17:49
   |
17 | assassyn::ir::array::ArrayAttr::FullyPartitioned
   |                                                 ^ help: add `;` here
18 |   let array_03d69 = sys.create_array(assassyn::ir::DataType::int_ty(32), "array_03d69", 4, Some...
   |   --- unexpected token

system array_partition1 {
  array array_03d69[i32; 4] = [1, 2, 3, 4]
  array array_03d79[i32; 1] = None

  
  _50135 = module Driver {
    _07be1 = array_03d79[(0:u1)]
    _0a17d = _07be1 + (1:i32)
    array_03d79[(0:u1)] = _0a17d
    _0a195 = _07be1[(0:u1):(1:u1)]
    _0a1a1 = _0a17d[(0:u1):(1:u1)]
    _0a1d1 = _07be1 * _07be1
    _0a1dd = _0a1d1[(0:u1):(31:u5)]
    _0a1f1 = bitcast _0a1dd to i32
    array_03d69[_0a195] = _0a1f1
    _0a219 = _0a17d + _0a17d
    array_03d69[_0a1a1] = _0a219
    _0a229 = array_03d69[_0a195]
    _0a231 = array_03d69[_0a1a1]
    _0a245 = _0a229 + _0a231
    log('a[idx0] + a[idx1] = {}', _0a245)
  }



}
system array_partition1 {
  array array_03d69[i32; 4] = [1, 2, 3, 4]
  array array_03d79[i32; 1] = None

  
  _50135 = module Driver {
    _07be1 = array_03d79[(0:u1)]
    _0a17d = _07be1 + (1:i32)
    array_03d79[(0:u1)] = _0a17d
    _0a195 = _07be1[(0:u1):(1:u1)]
    _0a1a1 = _0a17d[(0:u1):(1:u1)]
    _0a1d1 = _07be1 * _07be1
    _0a1dd = _0a1d1[(0:u1):(31:u5)]
    _0a1f1 = bitcast _0a1dd to i32
    array_03d69[_0a195] = _0a1f1
    _0a219 = _0a17d + _0a17d
    array_03d69[_0a1a1] = _0a219
    _0a229 = array_03d69[_0a195]
    _0a231 = array_03d69[_0a1a1]
    _0a245 = _0a229 + _0a231
    log('a[idx0] + a[idx1] = {}', _0a245)
  }



}
[WARN] /var/folders/pf/jw4l4qrn011g7vfcpf5jjcdw0000gn/T/array_partition1 already exists, please make sure we did not override anything.
[WARN] /var/folders/pf/jw4l4qrn011g7vfcpf5jjcdw0000gn/T/array_partition1/src already exists, please make sure we did not override anything.
Traceback (most recent call last):
  File "/Users/lychee/node/assassyn/python/unit-tests/./test_array_partition1.py", line 59, in <module>
    test_array_partition1()
  File "/Users/lychee/node/assassyn/python/unit-tests/./test_array_partition1.py", line 48, in test_array_partition1
    simulator_path, verilator_path = elaborate(sys, verilog=utils.has_verilator())
                                     ^^^^^^^^^^^^^^^^^^^^^^^^^^^^^^^^^^^^^^^^^^^^^
  File "/Users/lychee/node/assassyn/python/assassyn/backend.py", line 115, in elaborate
    subprocess.run(['cargo', 'fmt', '--manifest-path', toml], cwd=sys_dir, check=True)
  File "/Users/lychee/anaconda3/lib/python3.11/subprocess.py", line 571, in run
    raise CalledProcessError(retcode, process.args,
subprocess.CalledProcessError: Command '['cargo', 'fmt', '--manifest-path', '/var/folders/pf/jw4l4qrn011g7vfcpf5jjcdw0000gn/T/array_partition1/Cargo.toml']' returned non-zero exit status 1.
Failed to run script: ./test_array_partition1.py
-----------------------------------------
Running script: ./test_wait_until.py
Command: CARGO_HTTP_PROXY="" CARGO_HTTPS_PROXY="" python ./test_wait_until.py
Traceback (most recent call last):
  File "/Users/lychee/node/assassyn/python/unit-tests/./test_wait_until.py", line 6, in <module>
    class Squarer(Module):
  File "/Users/lychee/node/assassyn/python/unit-tests/./test_wait_until.py", line 8, in Squarer
    @module.constructor
     ^^^^^^^^^^^^^^^^^^
AttributeError: module 'assassyn.module' has no attribute 'constructor'
Failed to run script: ./test_wait_until.py
-----------------------------------------
Running script: ./test_dt_conv.py
Command: CARGO_HTTP_PROXY="" CARGO_HTTPS_PROXY="" python ./test_dt_conv.py
Traceback (most recent call last):
  File "/Users/lychee/node/assassyn/python/unit-tests/./test_dt_conv.py", line 8, in <module>
    class Driver(Module):
  File "/Users/lychee/node/assassyn/python/unit-tests/./test_dt_conv.py", line 10, in Driver
    @module.constructor
     ^^^^^^^^^^^^^^^^^^
AttributeError: module 'assassyn.module' has no attribute 'constructor'
Failed to run script: ./test_dt_conv.py
-----------------------------------------
Running script: ./test_bind.py
Command: CARGO_HTTP_PROXY="" CARGO_HTTPS_PROXY="" python ./test_bind.py
Traceback (most recent call last):
  File "/Users/lychee/node/assassyn/python/unit-tests/./test_bind.py", line 97, in <module>
    test_bind()
  File "/Users/lychee/node/assassyn/python/unit-tests/./test_bind.py", line 75, in test_bind
    sub.build()
  File "/Users/lychee/.local/lib/python3.11/site-packages/decorator.py", line 232, in fun
    return caller(func, *(extras + args), **kw)
           ^^^^^^^^^^^^^^^^^^^^^^^^^^^^^^^^^^^^
  File "/Users/lychee/node/assassyn/python/assassyn/module/module.py", line 194, in combinational
    res = func(*args, **kwargs)
          ^^^^^^^^^^^^^^^^^^^^^
  File "/Users/lychee/node/assassyn/python/unit-tests/./test_bind.py", line 19, in build
    c = self.sub_a - self.sub_b
        ~~~~~~~~~~~^~~~~~~~~~~~
TypeError: unsupported operand type(s) for -: 'Port' and 'Port'
Failed to run script: ./test_bind.py
-----------------------------------------
Running script: ./test_reg_init.py
Command: CARGO_HTTP_PROXY="" CARGO_HTTPS_PROXY="" python ./test_reg_init.py
   Compiling reg_init v0.0.0 (/private/var/folders/pf/jw4l4qrn011g7vfcpf5jjcdw0000gn/T/reg_init)
warning: unused import: `assassyn::ir::node::IsElement`
 --> src/main.rs:2:5
  |
2 | use assassyn::ir::node::IsElement;
  |     ^^^^^^^^^^^^^^^^^^^^^^^^^^^^^
  |
  = note: `#[warn(unused_imports)]` on by default

warning: unused import: `std::collections::HashMap`
 --> src/main.rs:3:5
  |
3 | use std::collections::HashMap;
  |     ^^^^^^^^^^^^^^^^^^^^^^^^^

warning: unused import: `std::path::PathBuf`
 --> src/main.rs:4:5
  |
4 | use std::path::PathBuf;
  |     ^^^^^^^^^^^^^^^^^^

warning: unused variable: `block_stack`
 --> src/main.rs:7:13
  |
7 |     let mut block_stack: Vec<assassyn::ir::node::BaseNode> = Vec::new();
  |             ^^^^^^^^^^^ help: if this is intentional, prefix it with an underscore: `_block_stack`
  |
  = note: `#[warn(unused_variables)]` on by default

warning: variable does not need to be mutable
 --> src/main.rs:7:9
  |
7 |     let mut block_stack: Vec<assassyn::ir::node::BaseNode> = Vec::new();
  |         ----^^^^^^^^^^^
  |         |
  |         help: remove this `mut`
  |
  = note: `#[warn(unused_mut)]` on by default

warning: `reg_init` (bin "reg_init") generated 5 warnings (run `cargo fix --bin "reg_init"` to apply 4 suggestions)
    Finished `release` profile [optimized] target(s) in 0.81s
     Running `target/release/reg_init`
system reg_init {
  Array: array_da951[1 x u32];

  // Array: array_da951[1 x u32] {
  //   var_5 = array_da951[(0:u1)]
  // }
  // Key: 2
  #[]
  module driver(  ) { // block-key: 3
    while true {
      var_5 = array_da951[(0:u1)]
      log("cnt: {}", var_5, )
      -----{Insert Here}-----
    }
  }
}
Writing simulator code to rust project: /private/var/folders/pf/jw4l4qrn011g7vfcpf5jjcdw0000gn/T/reg_init/reg_init_simulator
     Locking 20 packages to latest compatible versions
      Adding wasi v0.11.0+wasi-snapshot-preview1 (latest: v0.13.2+wasi-0.2.1)
   Compiling proc-macro2 v1.0.86
   Compiling unicode-ident v1.0.13
   Compiling libc v0.2.159
   Compiling autocfg v1.4.0
   Compiling cfg-if v1.0.0
   Compiling num-traits v0.2.19
   Compiling byteorder v1.5.0
   Compiling quote v1.0.37
   Compiling getrandom v0.2.15
   Compiling num-integer v0.1.46
   Compiling syn v2.0.79
   Compiling rand_core v0.6.4
   Compiling num-bigint v0.4.6
   Compiling zerocopy-derive v0.7.35
   Compiling zerocopy v0.7.35
   Compiling ppv-lite86 v0.2.20
   Compiling rand_chacha v0.3.1
   Compiling rand v0.8.5
   Compiling reg_init_simulator v0.1.0 (/var/folders/pf/jw4l4qrn011g7vfcpf5jjcdw0000gn/T/reg_init/reg_init_simulator)
warning: unused imports: `BigInt` and `BigUint`
 --> src/modules.rs:3:18
  |
3 | use num_bigint::{BigInt, BigUint};
  |                  ^^^^^^  ^^^^^^^
  |
  = note: `#[warn(unused_imports)]` on by default

warning: unused import: `std::collections::VecDeque`
 --> src/modules.rs:4:5
  |
4 | use std::collections::VecDeque;
  |     ^^^^^^^^^^^^^^^^^^^^^^^^^^

warning: unused imports: `BigInt` and `BigUint`
 --> src/simulator.rs:2:18
  |
2 | use num_bigint::{BigInt, BigUint};
  |                  ^^^^^^  ^^^^^^^

warning: unused import: `rand::seq::SliceRandom`
 --> src/simulator.rs:3:5
  |
3 | use rand::seq::SliceRandom;
  |     ^^^^^^^^^^^^^^^^^^^^^^

warning: methods `cycle` and `pusher` are never used
 --> src/runtime.rs:7:6
  |
6 | pub trait Cycled {
  |           ------ methods in this trait
7 |   fn cycle(&self) -> usize;
  |      ^^^^^
8 |   fn pusher(&self) -> &'static str;
  |      ^^^^^^
  |
  = note: `#[warn(dead_code)]` on by default

warning: associated function `new` is never used
  --> src/runtime.rs:17:10
   |
16 | impl<T: Sized + Default + Clone> ArrayWrite<T> {
   | ---------------------------------------------- associated function in this implementation
17 |   pub fn new(cycle: usize, addr: usize, data: T, pusher: &'static str) -> Self {
   |          ^^^

warning: associated function `new` is never used
  --> src/runtime.rs:31:10
   |
30 | impl<T: Sized + Default + Clone> Array<T> {
   | ----------------------------------------- associated function in this implementation
31 |   pub fn new(n: usize) -> Self {
   |          ^^^

warning: field `data` is never read
  --> src/runtime.rs:51:3
   |
49 | pub struct FIFOPush<T: Sized> {
   |            -------- field in this struct
50 |   cycle: usize,
51 |   data: T,
   |   ^^^^

warning: associated function `new` is never used
  --> src/runtime.rs:55:10
   |
54 | impl<T: Sized> FIFOPush<T> {
   | -------------------------- associated function in this implementation
55 |   pub fn new(cycle: usize, data: T, pusher: &'static str) -> Self {
   |          ^^^

warning: associated function `new` is never used
  --> src/runtime.rs:68:10
   |
67 | impl FIFOPop {
   | ------------ associated function in this implementation
68 |   pub fn new(cycle: usize, pusher: &'static str) -> Self {
   |          ^^^

warning: struct `FIFO` is never constructed
  --> src/runtime.rs:72:12
   |
72 | pub struct FIFO<T: Sized> {
   |            ^^^^

warning: associated items `new`, `is_empty`, `front`, and `tick` are never used
  --> src/runtime.rs:78:10
   |
77 | impl<T: Sized> FIFO<T> {
   | ---------------------- associated items in this implementation
78 |   pub fn new() -> Self {
   |          ^^^
...
85 |   pub fn is_empty(&self) -> bool {
   |          ^^^^^^^^
...
88 |   pub fn front(&self) -> Option<&T> {
   |          ^^^^^
...
91 |   pub fn tick(&mut self, cycle: usize) {
   |          ^^^^

warning: method `push` is never used
   --> src/runtime.rs:131:10
    |
127 | impl<T: Sized + Cycled> XEQ<T> {
    | ------------------------------ method in this implementation
...
131 |   pub fn push(&mut self, event: T) {
    |          ^^^^

warning: function `load_hex_file` is never used
   --> src/runtime.rs:153:8
    |
153 | pub fn load_hex_file<T: Num>(array: &mut Vec<T>, init_file: &str) {
    |        ^^^^^^^^^^^^^

warning: method `cast` is never used
   --> src/runtime.rs:178:6
    |
177 | pub trait ValueCastTo<T> {
    |           ----------- method in this trait
178 |   fn cast(&self) -> T;
    |      ^^^^

warning: `reg_init_simulator` (bin "reg_init_simulator") generated 15 warnings (run `cargo fix --bin "reg_init_simulator"` to apply 4 suggestions)
    Finished `release` profile [optimized] target(s) in 5.24s
     Running `/var/folders/pf/jw4l4qrn011g7vfcpf5jjcdw0000gn/T/reg_init/reg_init_simulator/target/release/reg_init_simulator`
system reg_init {
  array array_da951[u32; 1] = [10]

  
  _d8ba1 = module Driver {
    _de7b1 = array_da951[(0:u1)]
    log('cnt: {}', _de7b1)
  }



}
[WARN] /var/folders/pf/jw4l4qrn011g7vfcpf5jjcdw0000gn/T/reg_init already exists, please make sure we did not override anything.
[WARN] /var/folders/pf/jw4l4qrn011g7vfcpf5jjcdw0000gn/T/reg_init/src already exists, please make sure we did not override anything.
Execution successful for: ./test_reg_init.py
-----------------------------------------
Running script: ./test_imbalance.py
Command: CARGO_HTTP_PROXY="" CARGO_HTTPS_PROXY="" python ./test_imbalance.py
Traceback (most recent call last):
  File "/Users/lychee/node/assassyn/python/unit-tests/./test_imbalance.py", line 86, in <module>
    test_imbalance()
  File "/Users/lychee/node/assassyn/python/unit-tests/./test_imbalance.py", line 66, in test_imbalance
    sub.build()
  File "/Users/lychee/.local/lib/python3.11/site-packages/decorator.py", line 232, in fun
    return caller(func, *(extras + args), **kw)
           ^^^^^^^^^^^^^^^^^^^^^^^^^^^^^^^^^^^^
  File "/Users/lychee/node/assassyn/python/assassyn/module/module.py", line 194, in combinational
    res = func(*args, **kwargs)
          ^^^^^^^^^^^^^^^^^^^^^
  File "/Users/lychee/node/assassyn/python/unit-tests/./test_imbalance.py", line 20, in build
    c = self.sub_a - self.sub_b
        ~~~~~~~~~~~^~~~~~~~~~~~
TypeError: unsupported operand type(s) for -: 'Port' and 'Port'
Failed to run script: ./test_imbalance.py
-----------------------------------------
Running script: ./test_concat.py
Command: CARGO_HTTP_PROXY="" CARGO_HTTPS_PROXY="" python ./test_concat.py
Traceback (most recent call last):
  File "/Users/lychee/node/assassyn/python/unit-tests/./test_concat.py", line 70, in <module>
    test_concat()
  File "/Users/lychee/node/assassyn/python/unit-tests/./test_concat.py", line 53, in test_concat
    adder.build()
  File "/Users/lychee/.local/lib/python3.11/site-packages/decorator.py", line 232, in fun
    return caller(func, *(extras + args), **kw)
           ^^^^^^^^^^^^^^^^^^^^^^^^^^^^^^^^^^^^
  File "/Users/lychee/node/assassyn/python/assassyn/module/module.py", line 194, in combinational
    res = func(*args, **kwargs)
          ^^^^^^^^^^^^^^^^^^^^^
  File "/Users/lychee/node/assassyn/python/unit-tests/./test_concat.py", line 23, in build
    c = concat(self.msb, self.lsb)
        ^^^^^^^^^^^^^^^^^^^^^^^^^^
  File "/Users/lychee/node/assassyn/python/assassyn/expr/expr.py", line 398, in concat
    return reduce(lambda x, y: x.concat(y), args)
           ^^^^^^^^^^^^^^^^^^^^^^^^^^^^^^^^^^^^^^
  File "/Users/lychee/node/assassyn/python/assassyn/expr/expr.py", line 398, in <lambda>
    return reduce(lambda x, y: x.concat(y), args)
                               ^^^^^^^^
AttributeError: 'Port' object has no attribute 'concat'
Failed to run script: ./test_concat.py
-----------------------------------------
Running script: ./test_fifo_valid.py
Command: CARGO_HTTP_PROXY="" CARGO_HTTPS_PROXY="" python ./test_fifo_valid.py
Traceback (most recent call last):
  File "/Users/lychee/node/assassyn/python/unit-tests/./test_fifo_valid.py", line 8, in <module>
    class Sub(Module):
  File "/Users/lychee/node/assassyn/python/unit-tests/./test_fifo_valid.py", line 10, in Sub
    @module.constructor
     ^^^^^^^^^^^^^^^^^^
AttributeError: module 'assassyn.module' has no attribute 'constructor'
Failed to run script: ./test_fifo_valid.py
-----------------------------------------
Running script: ./test_memory.py
Command: CARGO_HTTP_PROXY="" CARGO_HTTPS_PROXY="" python ./test_memory.py
Traceback (most recent call last):
  File "/Users/lychee/node/assassyn/python/unit-tests/./test_memory.py", line 98, in <module>
    test_memory()
  File "/Users/lychee/node/assassyn/python/unit-tests/./test_memory.py", line 89, in test_memory
    impl('memory', 32, None, None)
  File "/Users/lychee/node/assassyn/python/unit-tests/./test_memory.py", line 68, in impl
    user.build()
  File "/Users/lychee/.local/lib/python3.11/site-packages/decorator.py", line 232, in fun
    return caller(func, *(extras + args), **kw)
           ^^^^^^^^^^^^^^^^^^^^^^^^^^^^^^^^^^^^
  File "/Users/lychee/node/assassyn/python/assassyn/module/module.py", line 194, in combinational
    res = func(*args, **kwargs)
          ^^^^^^^^^^^^^^^^^^^^^
  File "/Users/lychee/node/assassyn/python/unit-tests/./test_memory.py", line 16, in build
    rdata = self.rdata.bitcast(Int(width))
            ^^^^^^^^^^^^^^^^^^
AttributeError: 'Port' object has no attribute 'bitcast'
Failed to run script: ./test_memory.py
-----------------------------------------
Running script: ./test_eager_bind.py
Command: CARGO_HTTP_PROXY="" CARGO_HTTPS_PROXY="" python ./test_eager_bind.py
Traceback (most recent call last):
  File "/Users/lychee/node/assassyn/python/unit-tests/./test_eager_bind.py", line 114, in <module>
    test_bind()
  File "/Users/lychee/node/assassyn/python/unit-tests/./test_eager_bind.py", line 92, in test_bind
    sub.build()
  File "/Users/lychee/.local/lib/python3.11/site-packages/decorator.py", line 232, in fun
    return caller(func, *(extras + args), **kw)
           ^^^^^^^^^^^^^^^^^^^^^^^^^^^^^^^^^^^^
  File "/Users/lychee/node/assassyn/python/assassyn/module/module.py", line 194, in combinational
    res = func(*args, **kwargs)
          ^^^^^^^^^^^^^^^^^^^^^
  File "/Users/lychee/node/assassyn/python/unit-tests/./test_eager_bind.py", line 21, in build
    c = self.sub_a - self.sub_b
        ~~~~~~~~~~~^~~~~~~~~~~~
TypeError: unsupported operand type(s) for -: 'Port' and 'Port'
Failed to run script: ./test_eager_bind.py
-----------------------------------------
Running script: ./test_testbench.py
Command: CARGO_HTTP_PROXY="" CARGO_HTTPS_PROXY="" python ./test_testbench.py
   Compiling testbench v0.0.0 (/private/var/folders/pf/jw4l4qrn011g7vfcpf5jjcdw0000gn/T/testbench)
warning: unused import: `std::collections::HashMap`
 --> src/main.rs:3:5
  |
3 | use std::collections::HashMap;
  |     ^^^^^^^^^^^^^^^^^^^^^^^^^
  |
  = note: `#[warn(unused_imports)]` on by default

warning: unused import: `std::path::PathBuf`
 --> src/main.rs:4:5
  |
4 | use std::path::PathBuf;
  |     ^^^^^^^^^^^^^^^^^^

warning: `testbench` (bin "testbench") generated 2 warnings (run `cargo fix --bin "testbench"` to apply 2 suggestions)
    Finished `release` profile [optimized] target(s) in 0.91s
     Running `target/release/testbench`
system testbench {

  // Key: 0
  #[]
  module testbench(  ) { // block-key: 1
    cycled (1:i32) {
      log("tbcycle 1", )
    }
    cycled (2:i32) {
      log("tbcycle 2", )
    }
    cycled (82:i32) {
      log("tbcycle 82", )
    }
    -----{Insert Here}-----
  }
}
Writing simulator code to rust project: /private/var/folders/pf/jw4l4qrn011g7vfcpf5jjcdw0000gn/T/testbench/testbench_simulator
     Locking 20 packages to latest compatible versions
      Adding wasi v0.11.0+wasi-snapshot-preview1 (latest: v0.13.2+wasi-0.2.1)
   Compiling proc-macro2 v1.0.86
   Compiling unicode-ident v1.0.13
   Compiling libc v0.2.159
   Compiling autocfg v1.4.0
   Compiling byteorder v1.5.0
   Compiling num-traits v0.2.19
   Compiling cfg-if v1.0.0
   Compiling quote v1.0.37
   Compiling num-integer v0.1.46
   Compiling getrandom v0.2.15
   Compiling syn v2.0.79
   Compiling num-bigint v0.4.6
   Compiling rand_core v0.6.4
   Compiling zerocopy-derive v0.7.35
   Compiling zerocopy v0.7.35
   Compiling ppv-lite86 v0.2.20
   Compiling rand_chacha v0.3.1
   Compiling rand v0.8.5
   Compiling testbench_simulator v0.1.0 (/var/folders/pf/jw4l4qrn011g7vfcpf5jjcdw0000gn/T/testbench/testbench_simulator)
warning: unused imports: `BigInt` and `BigUint`
 --> src/modules.rs:3:18
  |
3 | use num_bigint::{BigInt, BigUint};
  |                  ^^^^^^  ^^^^^^^
  |
  = note: `#[warn(unused_imports)]` on by default

warning: unused import: `std::collections::VecDeque`
 --> src/modules.rs:4:5
  |
4 | use std::collections::VecDeque;
  |     ^^^^^^^^^^^^^^^^^^^^^^^^^^

warning: unused import: `super::runtime::*`
 --> src/simulator.rs:1:5
  |
1 | use super::runtime::*;
  |     ^^^^^^^^^^^^^^^^^

warning: unused imports: `BigInt` and `BigUint`
 --> src/simulator.rs:2:18
  |
2 | use num_bigint::{BigInt, BigUint};
  |                  ^^^^^^  ^^^^^^^

warning: unused import: `rand::seq::SliceRandom`
 --> src/simulator.rs:3:5
  |
3 | use rand::seq::SliceRandom;
  |     ^^^^^^^^^^^^^^^^^^^^^^

warning: methods `cycle` and `pusher` are never used
 --> src/runtime.rs:7:6
  |
6 | pub trait Cycled {
  |           ------ methods in this trait
7 |   fn cycle(&self) -> usize;
  |      ^^^^^
8 |   fn pusher(&self) -> &'static str;
  |      ^^^^^^
  |
  = note: `#[warn(dead_code)]` on by default

warning: fields `addr` and `data` are never read
  --> src/runtime.rs:12:3
   |
10 | pub struct ArrayWrite<T: Sized + Default + Clone> {
   |            ---------- fields in this struct
11 |   cycle: usize,
12 |   addr: usize,
   |   ^^^^
13 |   data: T,
   |   ^^^^

warning: associated function `new` is never used
  --> src/runtime.rs:17:10
   |
16 | impl<T: Sized + Default + Clone> ArrayWrite<T> {
   | ---------------------------------------------- associated function in this implementation
17 |   pub fn new(cycle: usize, addr: usize, data: T, pusher: &'static str) -> Self {
   |          ^^^

warning: struct `Array` is never constructed
  --> src/runtime.rs:26:12
   |
26 | pub struct Array<T: Sized + Default + Clone> {
   |            ^^^^^

warning: associated items `new`, `new_with_init`, and `tick` are never used
  --> src/runtime.rs:31:10
   |
30 | impl<T: Sized + Default + Clone> Array<T> {
   | ----------------------------------------- associated items in this implementation
31 |   pub fn new(n: usize) -> Self {
   |          ^^^
...
37 |   pub fn new_with_init(payload: Vec<T>) -> Self {
   |          ^^^^^^^^^^^^^
...
43 |   pub fn tick(&mut self, cycle: usize) {
   |          ^^^^

warning: field `data` is never read
  --> src/runtime.rs:51:3
   |
49 | pub struct FIFOPush<T: Sized> {
   |            -------- field in this struct
50 |   cycle: usize,
51 |   data: T,
   |   ^^^^

warning: associated function `new` is never used
  --> src/runtime.rs:55:10
   |
54 | impl<T: Sized> FIFOPush<T> {
   | -------------------------- associated function in this implementation
55 |   pub fn new(cycle: usize, data: T, pusher: &'static str) -> Self {
   |          ^^^

warning: associated function `new` is never used
  --> src/runtime.rs:68:10
   |
67 | impl FIFOPop {
   | ------------ associated function in this implementation
68 |   pub fn new(cycle: usize, pusher: &'static str) -> Self {
   |          ^^^

warning: struct `FIFO` is never constructed
  --> src/runtime.rs:72:12
   |
72 | pub struct FIFO<T: Sized> {
   |            ^^^^

warning: associated items `new`, `is_empty`, `front`, and `tick` are never used
  --> src/runtime.rs:78:10
   |
77 | impl<T: Sized> FIFO<T> {
   | ---------------------- associated items in this implementation
78 |   pub fn new() -> Self {
   |          ^^^
...
85 |   pub fn is_empty(&self) -> bool {
   |          ^^^^^^^^
...
88 |   pub fn front(&self) -> Option<&T> {
   |          ^^^^^
...
91 |   pub fn tick(&mut self, cycle: usize) {
   |          ^^^^

warning: struct `XEQ` is never constructed
   --> src/runtime.rs:124:12
    |
124 | pub struct XEQ<T: Sized + Cycled> {
    |            ^^^

warning: associated items `new`, `push`, and `pop` are never used
   --> src/runtime.rs:128:10
    |
127 | impl<T: Sized + Cycled> XEQ<T> {
    | ------------------------------ associated items in this implementation
128 |   pub fn new() -> Self {
    |          ^^^
...
131 |   pub fn push(&mut self, event: T) {
    |          ^^^^
...
138 |   pub fn pop(&mut self, current: usize) -> Option<T> {
    |          ^^^

warning: function `load_hex_file` is never used
   --> src/runtime.rs:153:8
    |
153 | pub fn load_hex_file<T: Num>(array: &mut Vec<T>, init_file: &str) {
    |        ^^^^^^^^^^^^^

warning: method `cast` is never used
   --> src/runtime.rs:178:6
    |
177 | pub trait ValueCastTo<T> {
    |           ----------- method in this trait
178 |   fn cast(&self) -> T;
    |      ^^^^

warning: `testbench_simulator` (bin "testbench_simulator") generated 19 warnings (run `cargo fix --bin "testbench_simulator"` to apply 5 suggestions)
    Finished `release` profile [optimized] target(s) in 5.05s
     Running `/var/folders/pf/jw4l4qrn011g7vfcpf5jjcdw0000gn/T/testbench/testbench_simulator/target/release/testbench_simulator`
system testbench {
  

  
  _910c1 = module Testbench {
    cycle 1 {
      log('tbcycle 1', )
    }
    cycle 2 {
      log('tbcycle 2', )
    }
    cycle 82 {
      log('tbcycle 82', )
    }
  }



}
[WARN] /var/folders/pf/jw4l4qrn011g7vfcpf5jjcdw0000gn/T/testbench already exists, please make sure we did not override anything.
[WARN] /var/folders/pf/jw4l4qrn011g7vfcpf5jjcdw0000gn/T/testbench/src already exists, please make sure we did not override anything.
Execution successful for: ./test_testbench.py
-----------------------------------------
Running script: ./test_array_multi_read.py
Command: CARGO_HTTP_PROXY="" CARGO_HTTPS_PROXY="" python ./test_array_multi_read.py
Traceback (most recent call last):
  File "/Users/lychee/node/assassyn/python/unit-tests/./test_array_multi_read.py", line 102, in <module>
    test_array_multi_read()
  File "/Users/lychee/node/assassyn/python/unit-tests/./test_array_multi_read.py", line 80, in test_array_multi_read
    mod_a.build(arr)
  File "/Users/lychee/.local/lib/python3.11/site-packages/decorator.py", line 232, in fun
    return caller(func, *(extras + args), **kw)
           ^^^^^^^^^^^^^^^^^^^^^^^^^^^^^^^^^^^^
  File "/Users/lychee/node/assassyn/python/assassyn/module/module.py", line 194, in combinational
    res = func(*args, **kwargs)
          ^^^^^^^^^^^^^^^^^^^^^
  File "/Users/lychee/node/assassyn/python/unit-tests/./test_array_multi_read.py", line 16, in build
    with Condition(self.a[0: 0]):
                   ~~~~~~^^^^^^
TypeError: 'Port' object is not subscriptable
Failed to run script: ./test_array_multi_read.py
-----------------------------------------
All scripts executed. Check output.log for details.

Total successful executions: 14
Successful scripts:
 - ./test_helloworld.py
 - ./test_explicit_pop.py
 - ./test_fib.py
 - ./test_select.py
 - ./test_select1hot.py
 - ./test_async_call.py
 - ./test_inline0.py
 - ./test_driver.py
 - ./test_inline1.py
 - ./test_finish.py
 - ./test_peek.py
 - ./test_arbiter.py
 - ./test_reg_init.py
 - ./test_testbench.py

Total failed executions: 17
Failed scripts:
 - ./test_multi_call.py
 - ./test_downstream.py
 - ./test_record.py
 - ./test_toposort.py
 - ./test_array_multi_write.py
 - ./test_cse.py
 - ./test_array_partition0.py
 - ./test_array_partition1.py
 - ./test_wait_until.py
 - ./test_dt_conv.py
 - ./test_bind.py
 - ./test_imbalance.py
 - ./test_concat.py
 - ./test_fifo_valid.py
 - ./test_memory.py
 - ./test_eager_bind.py
 - ./test_array_multi_read.py
